Using pre-set license
Built from '2021.3/staging' branch; Version is '2021.3.11f1 (0a5ca18544bf) revision 679073'; Using compiler version '192829333'; Build Type 'Release'
OS: 'Windows 10  (10.0.19044) 64bit Professional' Language: 'ru' Physical Memory: 16215 MB
BatchMode: 1, IsHumanControllingUs: 0, StartBugReporterOnCrash: 0, Is64bit: 1, IsPro: 1

COMMAND LINE ARGUMENTS:
C:\Program Files\Unity Hub\Unity 2021.3.11f1\Editor\Unity.exe
-adb2
-batchMode
-noUpm
-name
AssetImportWorker4
-projectPath
C:/Users/XacDacZloyKot/Desktop/Zavod/ISPU_VR2/ISPU_VR2
-logFile
Logs/AssetImportWorker4.log
-srvPort
60972
Successfully changed project path to: C:/Users/XacDacZloyKot/Desktop/Zavod/ISPU_VR2/ISPU_VR2
C:/Users/XacDacZloyKot/Desktop/Zavod/ISPU_VR2/ISPU_VR2
[UnityMemory] Configuration Parameters - Can be set up in boot.config
    "memorysetup-bucket-allocator-granularity=16"
    "memorysetup-bucket-allocator-bucket-count=8"
    "memorysetup-bucket-allocator-block-size=33554432"
    "memorysetup-bucket-allocator-block-count=8"
    "memorysetup-main-allocator-block-size=16777216"
    "memorysetup-thread-allocator-block-size=16777216"
    "memorysetup-gfx-main-allocator-block-size=16777216"
    "memorysetup-gfx-thread-allocator-block-size=16777216"
    "memorysetup-cache-allocator-block-size=4194304"
    "memorysetup-typetree-allocator-block-size=2097152"
    "memorysetup-profiler-bucket-allocator-granularity=16"
    "memorysetup-profiler-bucket-allocator-bucket-count=8"
    "memorysetup-profiler-bucket-allocator-block-size=33554432"
    "memorysetup-profiler-bucket-allocator-block-count=8"
    "memorysetup-profiler-allocator-block-size=16777216"
    "memorysetup-profiler-editor-allocator-block-size=1048576"
    "memorysetup-temp-allocator-size-main=16777216"
    "memorysetup-job-temp-allocator-block-size=2097152"
    "memorysetup-job-temp-allocator-block-size-background=1048576"
    "memorysetup-job-temp-allocator-reduction-small-platforms=262144"
    "memorysetup-temp-allocator-size-background-worker=32768"
    "memorysetup-temp-allocator-size-job-worker=262144"
    "memorysetup-temp-allocator-size-preload-manager=33554432"
    "memorysetup-temp-allocator-size-nav-mesh-worker=65536"
    "memorysetup-temp-allocator-size-audio-worker=65536"
    "memorysetup-temp-allocator-size-cloud-worker=32768"
    "memorysetup-temp-allocator-size-gi-baking-worker=262144"
    "memorysetup-temp-allocator-size-gfx=262144"
Refreshing native plugins compatible for Editor in 27.53 ms, found 2 plugins.
Preloading 0 native plugins for Editor in 0.00 ms.
Initialize engine version: 2021.3.11f1 (0a5ca18544bf)
[Subsystems] Discovering subsystems at path C:/Program Files/Unity Hub/Unity 2021.3.11f1/Editor/Data/Resources/UnitySubsystems
[Subsystems] Discovering subsystems at path C:/Users/XacDacZloyKot/Desktop/Zavod/ISPU_VR2/ISPU_VR2/Assets
GfxDevice: creating device client; threaded=0; jobified=0
Direct3D:
    Version:  Direct3D 11.0 [level 11.1]
    Renderer: NVIDIA GeForce RTX 3060 Laptop GPU (ID=0x2520)
    Vendor:   NVIDIA
    VRAM:     6009 MB
    Driver:   31.0.15.2849
Initialize mono
Mono path[0] = 'C:/Program Files/Unity Hub/Unity 2021.3.11f1/Editor/Data/Managed'
Mono path[1] = 'C:/Program Files/Unity Hub/Unity 2021.3.11f1/Editor/Data/MonoBleedingEdge/lib/mono/unityjit-win32'
Mono config path = 'C:/Program Files/Unity Hub/Unity 2021.3.11f1/Editor/Data/MonoBleedingEdge/etc'
Using monoOptions --debugger-agent=transport=dt_socket,embedding=1,server=y,suspend=n,address=127.0.0.1:56268
Begin MonoManager ReloadAssembly
Registering precompiled unity dll's ...
Register platform support module: C:/Program Files/Unity Hub/Unity 2021.3.11f1/Editor/Data/PlaybackEngines/WindowsStandaloneSupport/UnityEditor.WindowsStandalone.Extensions.dll
Registered in 0.004809 seconds.
Native extension for WindowsStandalone target not found
Refreshing native plugins compatible for Editor in 24.27 ms, found 2 plugins.
Preloading 0 native plugins for Editor in 0.00 ms.
Mono: successfully reloaded assembly
- Completed reload, in  0.496 seconds
Domain Reload Profiling:
	ReloadAssembly (497ms)
		BeginReloadAssembly (64ms)
			ExecutionOrderSort (0ms)
			DisableScriptedObjects (0ms)
			BackupInstance (0ms)
			ReleaseScriptingObjects (0ms)
			CreateAndSetChildDomain (1ms)
		EndReloadAssembly (333ms)
			LoadAssemblies (63ms)
			RebuildTransferFunctionScriptingTraits (0ms)
			SetupTypeCache (92ms)
			ReleaseScriptCaches (0ms)
			RebuildScriptCaches (25ms)
			SetupLoadedEditorAssemblies (173ms)
				LogAssemblyErrors (0ms)
				InitializePlatformSupportModulesInManaged (7ms)
				SetLoadedEditorAssemblies (0ms)
				RefreshPlugins (24ms)
				BeforeProcessingInitializeOnLoad (1ms)
				ProcessInitializeOnLoadAttributes (103ms)
				ProcessInitializeOnLoadMethodAttributes (37ms)
				AfterProcessingInitializeOnLoad (0ms)
				EditorAssembliesLoaded (0ms)
			ExecutionOrderSort2 (0ms)
			AwakeInstancesAfterBackupRestoration (0ms)
Platform modules already initialized, skipping
Registering precompiled user dll's ...
Registered in 0.002526 seconds.
Begin MonoManager ReloadAssembly
Native extension for WindowsStandalone target not found
Refreshing native plugins compatible for Editor in 0.32 ms, found 2 plugins.
Preloading 0 native plugins for Editor in 0.00 ms.
Mono: successfully reloaded assembly
- Completed reload, in  0.790 seconds
Domain Reload Profiling:
	ReloadAssembly (791ms)
		BeginReloadAssembly (99ms)
			ExecutionOrderSort (0ms)
			DisableScriptedObjects (5ms)
			BackupInstance (0ms)
			ReleaseScriptingObjects (0ms)
			CreateAndSetChildDomain (16ms)
		EndReloadAssembly (585ms)
			LoadAssemblies (66ms)
			RebuildTransferFunctionScriptingTraits (0ms)
			SetupTypeCache (174ms)
			ReleaseScriptCaches (0ms)
			RebuildScriptCaches (37ms)
			SetupLoadedEditorAssemblies (271ms)
				LogAssemblyErrors (0ms)
				InitializePlatformSupportModulesInManaged (4ms)
				SetLoadedEditorAssemblies (0ms)
				RefreshPlugins (0ms)
				BeforeProcessingInitializeOnLoad (49ms)
				ProcessInitializeOnLoadAttributes (184ms)
				ProcessInitializeOnLoadMethodAttributes (25ms)
				AfterProcessingInitializeOnLoad (7ms)
				EditorAssembliesLoaded (0ms)
			ExecutionOrderSort2 (0ms)
			AwakeInstancesAfterBackupRestoration (6ms)
Platform modules already initialized, skipping
========================================================================
Worker process is ready to serve import requests
Launched and connected shader compiler UnityShaderCompiler.exe after 0.03 seconds
Refreshing native plugins compatible for Editor in 0.32 ms, found 2 plugins.
Preloading 0 native plugins for Editor in 0.00 ms.
Unloading 1685 Unused Serialized files (Serialized files now loaded: 0)
Unloading 19 unused Assets / (48.1 KB). Loaded Objects now: 2153.
Memory consumption went from 72.5 MB to 72.5 MB.
Total: 2.410800 ms (FindLiveObjects: 0.150500 ms CreateObjectMapping: 0.066500 ms MarkObjects: 2.121500 ms  DeleteObjects: 0.071600 ms)

AssetImportParameters requested are different than current active one (requested -> active):
  custom:video-decoder-ogg-theora: a1e56fd34408186e4bbccfd4996cb3dc -> 
  custom:container-muxer-webm: aa71ff27fc2769a1b78a27578f13a17b -> 
  custom:container-demuxer-webm: 4f35f7cbe854078d1ac9338744f61a02 -> 
  custom:video-encoder-webm-vp8: eb34c28f22e8b96e1ab97ce403110664 -> 
  custom:audio-encoder-webm-vorbis: bf7c407c2cedff20999df2af8eb42d56 -> 
  custom:framework-win-MediaFoundation: 216162199b28c13a410421893ffa2e32 -> 
  custom:SearchIndexIgnoredProperties: e643bd26f0fe6173181afceb89e7c659 -> 
  custom:container-demuxer-ogg: 62fdf1f143b41e24485cea50d1cbac27 -> 
  custom:video-decoder-webm-vp8: 9c59270c3fd7afecdb556c50c9e8de78 -> 
  custom:audio-decoder-ogg-vorbis: bf7c407c2cedff20999df2af8eb42d56 -> 
========================================================================
Received Import Request.
  Time since last request: 6722.457925 seconds.
  path: Assets/Materials/Old metal with green paint.mat
  artifactKey: Guid(c336375fe4ce36f4295348eef3295c36) Importer(815301076,1909f56bfc062723c751e8b465ee728b)
Start importing Assets/Materials/Old metal with green paint.mat using Guid(c336375fe4ce36f4295348eef3295c36) Importer(815301076,1909f56bfc062723c751e8b465ee728b)  -> (artifact id: '946b69dc1039edfdb5aca03eb605a302') in 0.115098 seconds 
========================================================================
Received Import Request.
  Time since last request: 0.904406 seconds.
  path: Assets/Materials/Old metal with green paint.mat
  artifactKey: Guid(c336375fe4ce36f4295348eef3295c36) Importer(2089858483,0ecaa5967403d082aa24f35e1b516d23)
Start importing Assets/Materials/Old metal with green paint.mat using Guid(c336375fe4ce36f4295348eef3295c36) Importer(2089858483,0ecaa5967403d082aa24f35e1b516d23) Generated GUIDs only implemented for interfaces!
 -> (artifact id: 'a6dd1f6578f23ba190ac6f4341057419') in 0.094728 seconds 
========================================================================
Received Import Request.
  Time since last request: 88.151344 seconds.
  path: Assets/Textures/Old metal with green paint/Premium Metal Rusty 3d-modeli.net 1k 35_Normal.jpg
  artifactKey: Guid(f44e8f0c03ced1d4a8e64895ef9d49c7) Importer(815301076,1909f56bfc062723c751e8b465ee728b)
Start importing Assets/Textures/Old metal with green paint/Premium Metal Rusty 3d-modeli.net 1k 35_Normal.jpg using Guid(f44e8f0c03ced1d4a8e64895ef9d49c7) Importer(815301076,1909f56bfc062723c751e8b465ee728b)  -> (artifact id: 'cc2d6c9a2f6999dfbc153d089e68012f') in 0.021629 seconds 
========================================================================
Received Import Request.
  Time since last request: 0.951262 seconds.
  path: Assets/Textures/Old metal with green paint/Premium Metal Rusty 3d-modeli.net 1k 35_Normal.jpg
  artifactKey: Guid(f44e8f0c03ced1d4a8e64895ef9d49c7) Importer(2089858483,0ecaa5967403d082aa24f35e1b516d23)
Start importing Assets/Textures/Old metal with green paint/Premium Metal Rusty 3d-modeli.net 1k 35_Normal.jpg using Guid(f44e8f0c03ced1d4a8e64895ef9d49c7) Importer(2089858483,0ecaa5967403d082aa24f35e1b516d23) Generated GUIDs only implemented for interfaces!
 -> (artifact id: 'a78930575adc2ad30ee40ea6f8ba5807') in 0.033430 seconds 
========================================================================
Received Import Request.
  Time since last request: 84.026148 seconds.
  path: Assets/Textures/used-stainless-steel2-unity/used-stainless-steel2_albedo.png
  artifactKey: Guid(8e99509a04da7c34e92e3e9f50d75a11) Importer(815301076,1909f56bfc062723c751e8b465ee728b)
Start importing Assets/Textures/used-stainless-steel2-unity/used-stainless-steel2_albedo.png using Guid(8e99509a04da7c34e92e3e9f50d75a11) Importer(815301076,1909f56bfc062723c751e8b465ee728b)  -> (artifact id: '2da96b4014467b3e47e6b3abe9cdad34') in 0.025098 seconds 
========================================================================
Received Import Request.
  Time since last request: 0.000026 seconds.
  path: Assets/Textures/used-stainless-steel2-unity/used-stainless-steel2_height.png
  artifactKey: Guid(a8006b5e0dfd80044a8c7432eb85fccb) Importer(815301076,1909f56bfc062723c751e8b465ee728b)
Start importing Assets/Textures/used-stainless-steel2-unity/used-stainless-steel2_height.png using Guid(a8006b5e0dfd80044a8c7432eb85fccb) Importer(815301076,1909f56bfc062723c751e8b465ee728b)  -> (artifact id: '874b98bb7dcf9a4a72b6a1229730fa22') in 0.016289 seconds 
========================================================================
Received Import Request.
  Time since last request: 0.000027 seconds.
  path: Assets/Textures/used-stainless-steel2-unity/used-stainless-steel2_preview.jpg
  artifactKey: Guid(0f4a4232e6c8b614eb1e1b5e3067b7b4) Importer(815301076,1909f56bfc062723c751e8b465ee728b)
Start importing Assets/Textures/used-stainless-steel2-unity/used-stainless-steel2_preview.jpg using Guid(0f4a4232e6c8b614eb1e1b5e3067b7b4) Importer(815301076,1909f56bfc062723c751e8b465ee728b)  -> (artifact id: 'd2c992bed978ddea8296ae937f1a804e') in 0.016443 seconds 
========================================================================
Received Import Request.
  Time since last request: 14.245149 seconds.
  path: Assets/Textures/metal_frame_4-1K
  artifactKey: Guid(b760d323a8ce6ee4984916d1e17a6e0b) Importer(815301076,1909f56bfc062723c751e8b465ee728b)
Start importing Assets/Textures/metal_frame_4-1K using Guid(b760d323a8ce6ee4984916d1e17a6e0b) Importer(815301076,1909f56bfc062723c751e8b465ee728b)  -> (artifact id: '6725d7f3686f56d40f5213963a24fe1f') in 0.007025 seconds 
========================================================================
Received Import Request.
  Time since last request: 0.046941 seconds.
  path: Assets/Textures/metal_frame_4-1K/1K-metal_frame_4_ambientocclusion.png
  artifactKey: Guid(79bcc51daa8cc464d8db69a4ff5e4956) Importer(815301076,1909f56bfc062723c751e8b465ee728b)
Start importing Assets/Textures/metal_frame_4-1K/1K-metal_frame_4_ambientocclusion.png using Guid(79bcc51daa8cc464d8db69a4ff5e4956) Importer(815301076,1909f56bfc062723c751e8b465ee728b)  -> (artifact id: '5ef279dfe52db1480abf3f1be1333997') in 0.016896 seconds 
========================================================================
Received Import Request.
  Time since last request: 0.000016 seconds.
  path: Assets/Textures/metal_frame_4-1K/1K-metal_frame_4_roughness.png
  artifactKey: Guid(d2c8a715ea3e7d448a698f5818a8518d) Importer(815301076,1909f56bfc062723c751e8b465ee728b)
Start importing Assets/Textures/metal_frame_4-1K/1K-metal_frame_4_roughness.png using Guid(d2c8a715ea3e7d448a698f5818a8518d) Importer(815301076,1909f56bfc062723c751e8b465ee728b)  -> (artifact id: '9ee8b6662e7e3a24c8676ca36699f2a3') in 0.015656 seconds 
========================================================================
Received Import Request.
  Time since last request: 0.000021 seconds.
  path: Assets/Textures/metal_frame_4-1K/1K-metal_frame_4_opacity.png
  artifactKey: Guid(310a48760f50b4345b4b1a1a0a218e39) Importer(815301076,1909f56bfc062723c751e8b465ee728b)
Start importing Assets/Textures/metal_frame_4-1K/1K-metal_frame_4_opacity.png using Guid(310a48760f50b4345b4b1a1a0a218e39) Importer(815301076,1909f56bfc062723c751e8b465ee728b)  -> (artifact id: 'd94cc56663c98281a21269b527ed5815') in 0.013391 seconds 
Editor requested this worker to shutdown with reason: Scaling down because of idle timeout
AssetImportWorker is now disconnected from the server
Process exiting
Exiting without the bug reporter. Application will terminate with return code 0