Using pre-set license
Built from '2021.3/staging' branch; Version is '2021.3.11f1 (0a5ca18544bf) revision 679073'; Using compiler version '192829333'; Build Type 'Release'
OS: 'Windows 10  (10.0.19044) 64bit Professional' Language: 'ru' Physical Memory: 16215 MB
BatchMode: 1, IsHumanControllingUs: 0, StartBugReporterOnCrash: 0, Is64bit: 1, IsPro: 1

COMMAND LINE ARGUMENTS:
C:\Program Files\Unity Hub\Unity 2021.3.11f1\Editor\Unity.exe
-adb2
-batchMode
-noUpm
-name
AssetImportWorker3
-projectPath
C:/Users/XacDacZloyKot/Desktop/Zavod/ISPU_VR2/ISPU_VR2
-logFile
Logs/AssetImportWorker3.log
-srvPort
60972
Successfully changed project path to: C:/Users/XacDacZloyKot/Desktop/Zavod/ISPU_VR2/ISPU_VR2
C:/Users/XacDacZloyKot/Desktop/Zavod/ISPU_VR2/ISPU_VR2
[UnityMemory] Configuration Parameters - Can be set up in boot.config
    "memorysetup-bucket-allocator-granularity=16"
    "memorysetup-bucket-allocator-bucket-count=8"
    "memorysetup-bucket-allocator-block-size=33554432"
    "memorysetup-bucket-allocator-block-count=8"
    "memorysetup-main-allocator-block-size=16777216"
    "memorysetup-thread-allocator-block-size=16777216"
    "memorysetup-gfx-main-allocator-block-size=16777216"
    "memorysetup-gfx-thread-allocator-block-size=16777216"
    "memorysetup-cache-allocator-block-size=4194304"
    "memorysetup-typetree-allocator-block-size=2097152"
    "memorysetup-profiler-bucket-allocator-granularity=16"
    "memorysetup-profiler-bucket-allocator-bucket-count=8"
    "memorysetup-profiler-bucket-allocator-block-size=33554432"
    "memorysetup-profiler-bucket-allocator-block-count=8"
    "memorysetup-profiler-allocator-block-size=16777216"
    "memorysetup-profiler-editor-allocator-block-size=1048576"
    "memorysetup-temp-allocator-size-main=16777216"
    "memorysetup-job-temp-allocator-block-size=2097152"
    "memorysetup-job-temp-allocator-block-size-background=1048576"
    "memorysetup-job-temp-allocator-reduction-small-platforms=262144"
    "memorysetup-temp-allocator-size-background-worker=32768"
    "memorysetup-temp-allocator-size-job-worker=262144"
    "memorysetup-temp-allocator-size-preload-manager=33554432"
    "memorysetup-temp-allocator-size-nav-mesh-worker=65536"
    "memorysetup-temp-allocator-size-audio-worker=65536"
    "memorysetup-temp-allocator-size-cloud-worker=32768"
    "memorysetup-temp-allocator-size-gi-baking-worker=262144"
    "memorysetup-temp-allocator-size-gfx=262144"
Refreshing native plugins compatible for Editor in 42.77 ms, found 2 plugins.
Preloading 0 native plugins for Editor in 0.00 ms.
Initialize engine version: 2021.3.11f1 (0a5ca18544bf)
[Subsystems] Discovering subsystems at path C:/Program Files/Unity Hub/Unity 2021.3.11f1/Editor/Data/Resources/UnitySubsystems
[Subsystems] Discovering subsystems at path C:/Users/XacDacZloyKot/Desktop/Zavod/ISPU_VR2/ISPU_VR2/Assets
GfxDevice: creating device client; threaded=0; jobified=0
Direct3D:
    Version:  Direct3D 11.0 [level 11.1]
    Renderer: NVIDIA GeForce RTX 3060 Laptop GPU (ID=0x2520)
    Vendor:   NVIDIA
    VRAM:     6009 MB
    Driver:   31.0.15.2849
Initialize mono
Mono path[0] = 'C:/Program Files/Unity Hub/Unity 2021.3.11f1/Editor/Data/Managed'
Mono path[1] = 'C:/Program Files/Unity Hub/Unity 2021.3.11f1/Editor/Data/MonoBleedingEdge/lib/mono/unityjit-win32'
Mono config path = 'C:/Program Files/Unity Hub/Unity 2021.3.11f1/Editor/Data/MonoBleedingEdge/etc'
Using monoOptions --debugger-agent=transport=dt_socket,embedding=1,server=y,suspend=n,address=127.0.0.1:56280
Begin MonoManager ReloadAssembly
Registering precompiled unity dll's ...
Register platform support module: C:/Program Files/Unity Hub/Unity 2021.3.11f1/Editor/Data/PlaybackEngines/WindowsStandaloneSupport/UnityEditor.WindowsStandalone.Extensions.dll
Registered in 0.004519 seconds.
Native extension for WindowsStandalone target not found
Refreshing native plugins compatible for Editor in 28.35 ms, found 2 plugins.
Preloading 0 native plugins for Editor in 0.00 ms.
Mono: successfully reloaded assembly
- Completed reload, in  0.503 seconds
Domain Reload Profiling:
	ReloadAssembly (503ms)
		BeginReloadAssembly (63ms)
			ExecutionOrderSort (0ms)
			DisableScriptedObjects (0ms)
			BackupInstance (0ms)
			ReleaseScriptingObjects (0ms)
			CreateAndSetChildDomain (1ms)
		EndReloadAssembly (347ms)
			LoadAssemblies (61ms)
			RebuildTransferFunctionScriptingTraits (0ms)
			SetupTypeCache (90ms)
			ReleaseScriptCaches (0ms)
			RebuildScriptCaches (27ms)
			SetupLoadedEditorAssemblies (184ms)
				LogAssemblyErrors (0ms)
				InitializePlatformSupportModulesInManaged (6ms)
				SetLoadedEditorAssemblies (0ms)
				RefreshPlugins (28ms)
				BeforeProcessingInitializeOnLoad (1ms)
				ProcessInitializeOnLoadAttributes (110ms)
				ProcessInitializeOnLoadMethodAttributes (37ms)
				AfterProcessingInitializeOnLoad (0ms)
				EditorAssembliesLoaded (0ms)
			ExecutionOrderSort2 (0ms)
			AwakeInstancesAfterBackupRestoration (0ms)
Platform modules already initialized, skipping
Registering precompiled user dll's ...
Registered in 0.002700 seconds.
Begin MonoManager ReloadAssembly
Native extension for WindowsStandalone target not found
Refreshing native plugins compatible for Editor in 0.40 ms, found 2 plugins.
Preloading 0 native plugins for Editor in 0.00 ms.
Mono: successfully reloaded assembly
- Completed reload, in  0.772 seconds
Domain Reload Profiling:
	ReloadAssembly (773ms)
		BeginReloadAssembly (97ms)
			ExecutionOrderSort (0ms)
			DisableScriptedObjects (5ms)
			BackupInstance (0ms)
			ReleaseScriptingObjects (0ms)
			CreateAndSetChildDomain (16ms)
		EndReloadAssembly (564ms)
			LoadAssemblies (64ms)
			RebuildTransferFunctionScriptingTraits (0ms)
			SetupTypeCache (166ms)
			ReleaseScriptCaches (0ms)
			RebuildScriptCaches (39ms)
			SetupLoadedEditorAssemblies (260ms)
				LogAssemblyErrors (0ms)
				InitializePlatformSupportModulesInManaged (5ms)
				SetLoadedEditorAssemblies (0ms)
				RefreshPlugins (0ms)
				BeforeProcessingInitializeOnLoad (49ms)
				ProcessInitializeOnLoadAttributes (175ms)
				ProcessInitializeOnLoadMethodAttributes (25ms)
				AfterProcessingInitializeOnLoad (6ms)
				EditorAssembliesLoaded (0ms)
			ExecutionOrderSort2 (0ms)
			AwakeInstancesAfterBackupRestoration (5ms)
Platform modules already initialized, skipping
========================================================================
Worker process is ready to serve import requests
Launched and connected shader compiler UnityShaderCompiler.exe after 0.03 seconds
Refreshing native plugins compatible for Editor in 0.32 ms, found 2 plugins.
Preloading 0 native plugins for Editor in 0.00 ms.
Unloading 1685 Unused Serialized files (Serialized files now loaded: 0)
Unloading 19 unused Assets / (48.1 KB). Loaded Objects now: 2153.
Memory consumption went from 72.5 MB to 72.5 MB.
Total: 2.478900 ms (FindLiveObjects: 0.133500 ms CreateObjectMapping: 0.061100 ms MarkObjects: 2.214200 ms  DeleteObjects: 0.069600 ms)

AssetImportParameters requested are different than current active one (requested -> active):
  custom:video-decoder-ogg-theora: a1e56fd34408186e4bbccfd4996cb3dc -> 
  custom:container-muxer-webm: aa71ff27fc2769a1b78a27578f13a17b -> 
  custom:container-demuxer-webm: 4f35f7cbe854078d1ac9338744f61a02 -> 
  custom:video-encoder-webm-vp8: eb34c28f22e8b96e1ab97ce403110664 -> 
  custom:audio-encoder-webm-vorbis: bf7c407c2cedff20999df2af8eb42d56 -> 
  custom:framework-win-MediaFoundation: 216162199b28c13a410421893ffa2e32 -> 
  custom:SearchIndexIgnoredProperties: e643bd26f0fe6173181afceb89e7c659 -> 
  custom:container-demuxer-ogg: 62fdf1f143b41e24485cea50d1cbac27 -> 
  custom:video-decoder-webm-vp8: 9c59270c3fd7afecdb556c50c9e8de78 -> 
  custom:audio-decoder-ogg-vorbis: bf7c407c2cedff20999df2af8eb42d56 -> 
========================================================================
Received Import Request.
  Time since last request: 5899.032349 seconds.
  path: Assets/Podporki.obj
  artifactKey: Guid(b8f8c012adfee4a41a516f67e9720b15) Importer(815301076,1909f56bfc062723c751e8b465ee728b)
Start importing Assets/Podporki.obj using Guid(b8f8c012adfee4a41a516f67e9720b15) Importer(815301076,1909f56bfc062723c751e8b465ee728b)  -> (artifact id: '1362eaccecb037dc34e09235ef4ca767') in 0.195472 seconds 
========================================================================
Received Import Request.
  Time since last request: 0.000036 seconds.
  path: Assets/Potolok.obj
  artifactKey: Guid(c58f5b1d32511be4da13e597c3449992) Importer(815301076,1909f56bfc062723c751e8b465ee728b)
Start importing Assets/Potolok.obj using Guid(c58f5b1d32511be4da13e597c3449992) Importer(815301076,1909f56bfc062723c751e8b465ee728b)  -> (artifact id: '4159a5fc794ce75a85f10b16c28599b3') in 0.280258 seconds 
========================================================================
Received Import Request.
  Time since last request: 0.747392 seconds.
  path: Assets/Textures/metalplatespainted-24.jpg
  artifactKey: Guid(a894d693d0fa17943be8505eb9338c35) Importer(815301076,1909f56bfc062723c751e8b465ee728b)
Start importing Assets/Textures/metalplatespainted-24.jpg using Guid(a894d693d0fa17943be8505eb9338c35) Importer(815301076,1909f56bfc062723c751e8b465ee728b)  -> (artifact id: '3ea2d4507b87a6d68321a2a41677b050') in 0.031871 seconds 
========================================================================
Received Import Request.
  Time since last request: 8.634601 seconds.
  path: Assets/Materials/worn-painted-metal-unity/worn-painted-metal_height.png
  artifactKey: Guid(d11f5c2911d45904eb9b0dea39144341) Importer(815301076,1909f56bfc062723c751e8b465ee728b)
Start importing Assets/Materials/worn-painted-metal-unity/worn-painted-metal_height.png using Guid(d11f5c2911d45904eb9b0dea39144341) Importer(815301076,1909f56bfc062723c751e8b465ee728b)  -> (artifact id: '8fca9cabd6352366346f182c366450e3') in 0.016584 seconds 
========================================================================
Received Import Request.
  Time since last request: 0.000022 seconds.
  path: Assets/Materials/worn-painted-metal-unity/worn-painted-metal_normal-ogl.png
  artifactKey: Guid(f8eb49c340cc10a46bfc074ebf3eb4e1) Importer(815301076,1909f56bfc062723c751e8b465ee728b)
Start importing Assets/Materials/worn-painted-metal-unity/worn-painted-metal_normal-ogl.png using Guid(f8eb49c340cc10a46bfc074ebf3eb4e1) Importer(815301076,1909f56bfc062723c751e8b465ee728b)  -> (artifact id: '19f8c3b4ad77fe338467e02bd33cd4fb') in 0.027361 seconds 
========================================================================
Received Import Request.
  Time since last request: 796.412202 seconds.
  path: Assets/Textures/Old metal with green paint/Premium Metal Rusty 3d-modeli.net 1k 35_Glossiness.jpg
  artifactKey: Guid(535f9124c5071124d82d81fe0bab5856) Importer(815301076,1909f56bfc062723c751e8b465ee728b)
Start importing Assets/Textures/Old metal with green paint/Premium Metal Rusty 3d-modeli.net 1k 35_Glossiness.jpg using Guid(535f9124c5071124d82d81fe0bab5856) Importer(815301076,1909f56bfc062723c751e8b465ee728b)  -> (artifact id: 'b71c8b3d16fefe53e27c3610a8b78d4f') in 0.019782 seconds 
========================================================================
Received Import Request.
  Time since last request: 0.000020 seconds.
  path: Assets/Textures/Old metal with green paint/Premium Metal Rusty 3d-modeli.net 1k 35_Height.jpg
  artifactKey: Guid(ae803457c5abc2146b5a2a3f6a3b0e53) Importer(815301076,1909f56bfc062723c751e8b465ee728b)
Start importing Assets/Textures/Old metal with green paint/Premium Metal Rusty 3d-modeli.net 1k 35_Height.jpg using Guid(ae803457c5abc2146b5a2a3f6a3b0e53) Importer(815301076,1909f56bfc062723c751e8b465ee728b)  -> (artifact id: '1d08cdae7a13c55791af705059817519') in 0.015512 seconds 
========================================================================
Received Import Request.
  Time since last request: 0.986759 seconds.
  path: Assets/Textures/Old metal with green paint/Premium Metal Rusty 3d-modeli.net 1k 35_Diffuse.jpg
  artifactKey: Guid(1a444fdd2ab857f45aa1b0e8eb771118) Importer(2089858483,0ecaa5967403d082aa24f35e1b516d23)
Start importing Assets/Textures/Old metal with green paint/Premium Metal Rusty 3d-modeli.net 1k 35_Diffuse.jpg using Guid(1a444fdd2ab857f45aa1b0e8eb771118) Importer(2089858483,0ecaa5967403d082aa24f35e1b516d23) Generated GUIDs only implemented for interfaces!
 -> (artifact id: '3a73072c2a4b18668c4cb0dc697f1d10') in 0.144910 seconds 
========================================================================
Received Import Request.
  Time since last request: 190.195492 seconds.
  path: Assets/Textures/used-stainless-steel2-unity/used-stainless-steel2_ao.png
  artifactKey: Guid(fe174be697b27cd4d85fd49a74160cf3) Importer(815301076,1909f56bfc062723c751e8b465ee728b)
Start importing Assets/Textures/used-stainless-steel2-unity/used-stainless-steel2_ao.png using Guid(fe174be697b27cd4d85fd49a74160cf3) Importer(815301076,1909f56bfc062723c751e8b465ee728b)  -> (artifact id: 'cd93a977945962bec586f202b769f2d9') in 0.019220 seconds 
========================================================================
Received Import Request.
  Time since last request: 0.000022 seconds.
  path: Assets/Textures/used-stainless-steel2-unity/used-stainless-steel2_normal-ogl.png
  artifactKey: Guid(1182af463eb6b9c4dbba484c7d7c53a8) Importer(815301076,1909f56bfc062723c751e8b465ee728b)
Start importing Assets/Textures/used-stainless-steel2-unity/used-stainless-steel2_normal-ogl.png using Guid(1182af463eb6b9c4dbba484c7d7c53a8) Importer(815301076,1909f56bfc062723c751e8b465ee728b)  -> (artifact id: 'a5b57189ee510756ff27651885bab280') in 0.017866 seconds 
========================================================================
Received Import Request.
  Time since last request: 0.000024 seconds.
  path: Assets/Textures/used-stainless-steel2-unity/used-stainless-steel2_metallic.psd
  artifactKey: Guid(587254be98e88b54eb404a14a6129238) Importer(815301076,1909f56bfc062723c751e8b465ee728b)
Start importing Assets/Textures/used-stainless-steel2-unity/used-stainless-steel2_metallic.psd using Guid(587254be98e88b54eb404a14a6129238) Importer(815301076,1909f56bfc062723c751e8b465ee728b)  -> (artifact id: 'dd2e2d0e85c98a1549cf37d57c2da970') in 0.021357 seconds 
========================================================================
Received Import Request.
  Time since last request: 14.302271 seconds.
  path: Assets/Textures/metal_frame_4-1K/1K-metal_frame_4_basecolor.png
  artifactKey: Guid(3f4eb02ef3066864d80909085468cafb) Importer(815301076,1909f56bfc062723c751e8b465ee728b)
Start importing Assets/Textures/metal_frame_4-1K/1K-metal_frame_4_basecolor.png using Guid(3f4eb02ef3066864d80909085468cafb) Importer(815301076,1909f56bfc062723c751e8b465ee728b)  -> (artifact id: 'c37146e5065e5f7dbb3cfafe2c9fa177') in 0.015482 seconds 
========================================================================
Received Import Request.
  Time since last request: 0.000024 seconds.
  path: Assets/Textures/metal_frame_4-1K/1K-metal_frame_4_normal.png
  artifactKey: Guid(440e66d362fb7394d90cec01f51a8d50) Importer(815301076,1909f56bfc062723c751e8b465ee728b)
Start importing Assets/Textures/metal_frame_4-1K/1K-metal_frame_4_normal.png using Guid(440e66d362fb7394d90cec01f51a8d50) Importer(815301076,1909f56bfc062723c751e8b465ee728b)  -> (artifact id: '615394af261d8461c940eba9ea96dae9') in 0.016193 seconds 
========================================================================
Received Import Request.
  Time since last request: 0.000018 seconds.
  path: Assets/Textures/metal_frame_4-1K/1K-metal_frame_4_metallic.png
  artifactKey: Guid(3026cc7254e09b64baad39b081f94424) Importer(815301076,1909f56bfc062723c751e8b465ee728b)
Start importing Assets/Textures/metal_frame_4-1K/1K-metal_frame_4_metallic.png using Guid(3026cc7254e09b64baad39b081f94424) Importer(815301076,1909f56bfc062723c751e8b465ee728b)  -> (artifact id: '5b364903892764f82079fdbdb5425af2') in 0.017843 seconds 
========================================================================
Received Import Request.
  Time since last request: 365.641638 seconds.
  path: Assets/Textures/grey_metal_01/grey_metal_01_diffuse.png
  artifactKey: Guid(8e7e26fadbf6155428726cbf55b99661) Importer(2089858483,0ecaa5967403d082aa24f35e1b516d23)
Start importing Assets/Textures/grey_metal_01/grey_metal_01_diffuse.png using Guid(8e7e26fadbf6155428726cbf55b99661) Importer(2089858483,0ecaa5967403d082aa24f35e1b516d23) Generated GUIDs only implemented for interfaces!
 -> (artifact id: '66158412712242267fcd78a8df6ffa4d') in 0.023488 seconds 
========================================================================
Received Import Request.
  Time since last request: 0.000028 seconds.
  path: Assets/Textures/grey_metal_01/grey_metal_01_glossiness.png
  artifactKey: Guid(3d96a83f8cde6ea418ef80c710eac28d) Importer(2089858483,0ecaa5967403d082aa24f35e1b516d23)
Start importing Assets/Textures/grey_metal_01/grey_metal_01_glossiness.png using Guid(3d96a83f8cde6ea418ef80c710eac28d) Importer(2089858483,0ecaa5967403d082aa24f35e1b516d23) Generated GUIDs only implemented for interfaces!
 -> (artifact id: 'ff8a214d98f84014494cadc4c2339b41') in 0.022925 seconds 
========================================================================
Received Import Request.
  Time since last request: 0.000033 seconds.
  path: Assets/Textures/grey_metal_01/grey_metal_01_reflection.png
  artifactKey: Guid(66bd5d66594076c4f951580a748256ba) Importer(2089858483,0ecaa5967403d082aa24f35e1b516d23)
Start importing Assets/Textures/grey_metal_01/grey_metal_01_reflection.png using Guid(66bd5d66594076c4f951580a748256ba) Importer(2089858483,0ecaa5967403d082aa24f35e1b516d23) Generated GUIDs only implemented for interfaces!
 -> (artifact id: '63bd807069f6af8444ed7bc4fa22f1b9') in 0.021499 seconds 
========================================================================
Received Import Request.
  Time since last request: 0.000020 seconds.
  path: Assets/Textures/grey_metal_01
  artifactKey: Guid(380ab223eca294848acaadc96e0a25eb) Importer(2089858483,0ecaa5967403d082aa24f35e1b516d23)
Start importing Assets/Textures/grey_metal_01 using Guid(380ab223eca294848acaadc96e0a25eb) Importer(2089858483,0ecaa5967403d082aa24f35e1b516d23) Generated GUIDs only implemented for interfaces!
 -> (artifact id: '6e941da911ee9ac32baccbabab11671a') in 0.009568 seconds 
========================================================================
Received Import Request.
  Time since last request: 0.000020 seconds.
  path: Assets/Textures/grey_metal_01/grey_metal_01_height.png
  artifactKey: Guid(ab406170118d2db4da23eb1a5a68b54d) Importer(2089858483,0ecaa5967403d082aa24f35e1b516d23)
Start importing Assets/Textures/grey_metal_01/grey_metal_01_height.png using Guid(ab406170118d2db4da23eb1a5a68b54d) Importer(2089858483,0ecaa5967403d082aa24f35e1b516d23) Generated GUIDs only implemented for interfaces!
 -> (artifact id: '679f44952b380d196a67234542cfeaea') in 0.025124 seconds 
========================================================================
Received Import Request.
  Time since last request: 18.801595 seconds.
  path: Assets/Textures/grey_metal_01/grey_metal_01_glossiness.png
  artifactKey: Guid(3d96a83f8cde6ea418ef80c710eac28d) Importer(815301076,1909f56bfc062723c751e8b465ee728b)
Start importing Assets/Textures/grey_metal_01/grey_metal_01_glossiness.png using Guid(3d96a83f8cde6ea418ef80c710eac28d) Importer(815301076,1909f56bfc062723c751e8b465ee728b)  -> (artifact id: '898cb46bdd966e2139906be84922eeb0') in 0.017435 seconds 
========================================================================
Received Import Request.
  Time since last request: 0.000028 seconds.
  path: Assets/Textures/grey_metal_01/grey_metal_01_normal.png
  artifactKey: Guid(f08274188812a0944a47dec26215468f) Importer(815301076,1909f56bfc062723c751e8b465ee728b)
Start importing Assets/Textures/grey_metal_01/grey_metal_01_normal.png using Guid(f08274188812a0944a47dec26215468f) Importer(815301076,1909f56bfc062723c751e8b465ee728b)  -> (artifact id: 'e4328a7582c5fb0b13ba36cf9eb101e9') in 0.018843 seconds 
Editor requested this worker to shutdown with reason: Scaling down because of idle timeout
AssetImportWorker is now disconnected from the server
Process exiting
Exiting without the bug reporter. Application will terminate with return code 0