Using pre-set license
Built from '2021.3/staging' branch; Version is '2021.3.11f1 (0a5ca18544bf) revision 679073'; Using compiler version '192829333'; Build Type 'Release'
OS: 'Windows 10  (10.0.19044) 64bit Professional' Language: 'ru' Physical Memory: 16215 MB
BatchMode: 1, IsHumanControllingUs: 0, StartBugReporterOnCrash: 0, Is64bit: 1, IsPro: 1

COMMAND LINE ARGUMENTS:
C:\Program Files\Unity Hub\Unity 2021.3.11f1\Editor\Unity.exe
-adb2
-batchMode
-noUpm
-name
AssetImportWorker7
-projectPath
C:/Users/XacDacZloyKot/Desktop/Zavod/ISPU_VR2/ISPU_VR2
-logFile
Logs/AssetImportWorker7.log
-srvPort
60972
Successfully changed project path to: C:/Users/XacDacZloyKot/Desktop/Zavod/ISPU_VR2/ISPU_VR2
C:/Users/XacDacZloyKot/Desktop/Zavod/ISPU_VR2/ISPU_VR2
[UnityMemory] Configuration Parameters - Can be set up in boot.config
    "memorysetup-bucket-allocator-granularity=16"
    "memorysetup-bucket-allocator-bucket-count=8"
    "memorysetup-bucket-allocator-block-size=33554432"
    "memorysetup-bucket-allocator-block-count=8"
    "memorysetup-main-allocator-block-size=16777216"
    "memorysetup-thread-allocator-block-size=16777216"
    "memorysetup-gfx-main-allocator-block-size=16777216"
    "memorysetup-gfx-thread-allocator-block-size=16777216"
    "memorysetup-cache-allocator-block-size=4194304"
    "memorysetup-typetree-allocator-block-size=2097152"
    "memorysetup-profiler-bucket-allocator-granularity=16"
    "memorysetup-profiler-bucket-allocator-bucket-count=8"
    "memorysetup-profiler-bucket-allocator-block-size=33554432"
    "memorysetup-profiler-bucket-allocator-block-count=8"
    "memorysetup-profiler-allocator-block-size=16777216"
    "memorysetup-profiler-editor-allocator-block-size=1048576"
    "memorysetup-temp-allocator-size-main=16777216"
    "memorysetup-job-temp-allocator-block-size=2097152"
    "memorysetup-job-temp-allocator-block-size-background=1048576"
    "memorysetup-job-temp-allocator-reduction-small-platforms=262144"
    "memorysetup-temp-allocator-size-background-worker=32768"
    "memorysetup-temp-allocator-size-job-worker=262144"
    "memorysetup-temp-allocator-size-preload-manager=33554432"
    "memorysetup-temp-allocator-size-nav-mesh-worker=65536"
    "memorysetup-temp-allocator-size-audio-worker=65536"
    "memorysetup-temp-allocator-size-cloud-worker=32768"
    "memorysetup-temp-allocator-size-gi-baking-worker=262144"
    "memorysetup-temp-allocator-size-gfx=262144"
Refreshing native plugins compatible for Editor in 45.52 ms, found 2 plugins.
Preloading 0 native plugins for Editor in 0.00 ms.
Initialize engine version: 2021.3.11f1 (0a5ca18544bf)
[Subsystems] Discovering subsystems at path C:/Program Files/Unity Hub/Unity 2021.3.11f1/Editor/Data/Resources/UnitySubsystems
[Subsystems] Discovering subsystems at path C:/Users/XacDacZloyKot/Desktop/Zavod/ISPU_VR2/ISPU_VR2/Assets
GfxDevice: creating device client; threaded=0; jobified=0
Direct3D:
    Version:  Direct3D 11.0 [level 11.1]
    Renderer: NVIDIA GeForce RTX 3060 Laptop GPU (ID=0x2520)
    Vendor:   NVIDIA
    VRAM:     6009 MB
    Driver:   31.0.15.2849
Initialize mono
Mono path[0] = 'C:/Program Files/Unity Hub/Unity 2021.3.11f1/Editor/Data/Managed'
Mono path[1] = 'C:/Program Files/Unity Hub/Unity 2021.3.11f1/Editor/Data/MonoBleedingEdge/lib/mono/unityjit-win32'
Mono config path = 'C:/Program Files/Unity Hub/Unity 2021.3.11f1/Editor/Data/MonoBleedingEdge/etc'
Using monoOptions --debugger-agent=transport=dt_socket,embedding=1,server=y,suspend=n,address=127.0.0.1:56548
Begin MonoManager ReloadAssembly
Registering precompiled unity dll's ...
Register platform support module: C:/Program Files/Unity Hub/Unity 2021.3.11f1/Editor/Data/PlaybackEngines/WindowsStandaloneSupport/UnityEditor.WindowsStandalone.Extensions.dll
Registered in 0.006442 seconds.
Native extension for WindowsStandalone target not found
Refreshing native plugins compatible for Editor in 49.85 ms, found 2 plugins.
Preloading 0 native plugins for Editor in 0.00 ms.
Mono: successfully reloaded assembly
- Completed reload, in  0.801 seconds
Domain Reload Profiling:
	ReloadAssembly (802ms)
		BeginReloadAssembly (90ms)
			ExecutionOrderSort (0ms)
			DisableScriptedObjects (0ms)
			BackupInstance (0ms)
			ReleaseScriptingObjects (0ms)
			CreateAndSetChildDomain (1ms)
		EndReloadAssembly (569ms)
			LoadAssemblies (87ms)
			RebuildTransferFunctionScriptingTraits (0ms)
			SetupTypeCache (156ms)
			ReleaseScriptCaches (0ms)
			RebuildScriptCaches (47ms)
			SetupLoadedEditorAssemblies (295ms)
				LogAssemblyErrors (0ms)
				InitializePlatformSupportModulesInManaged (10ms)
				SetLoadedEditorAssemblies (0ms)
				RefreshPlugins (50ms)
				BeforeProcessingInitializeOnLoad (2ms)
				ProcessInitializeOnLoadAttributes (174ms)
				ProcessInitializeOnLoadMethodAttributes (58ms)
				AfterProcessingInitializeOnLoad (0ms)
				EditorAssembliesLoaded (0ms)
			ExecutionOrderSort2 (0ms)
			AwakeInstancesAfterBackupRestoration (0ms)
Platform modules already initialized, skipping
Registering precompiled user dll's ...
Registered in 0.003227 seconds.
Begin MonoManager ReloadAssembly
Native extension for WindowsStandalone target not found
Refreshing native plugins compatible for Editor in 0.31 ms, found 2 plugins.
Preloading 0 native plugins for Editor in 0.00 ms.
Mono: successfully reloaded assembly
- Completed reload, in  0.767 seconds
Domain Reload Profiling:
	ReloadAssembly (767ms)
		BeginReloadAssembly (108ms)
			ExecutionOrderSort (0ms)
			DisableScriptedObjects (5ms)
			BackupInstance (0ms)
			ReleaseScriptingObjects (0ms)
			CreateAndSetChildDomain (19ms)
		EndReloadAssembly (545ms)
			LoadAssemblies (70ms)
			RebuildTransferFunctionScriptingTraits (0ms)
			SetupTypeCache (148ms)
			ReleaseScriptCaches (0ms)
			RebuildScriptCaches (35ms)
			SetupLoadedEditorAssemblies (264ms)
				LogAssemblyErrors (0ms)
				InitializePlatformSupportModulesInManaged (4ms)
				SetLoadedEditorAssemblies (0ms)
				RefreshPlugins (0ms)
				BeforeProcessingInitializeOnLoad (44ms)
				ProcessInitializeOnLoadAttributes (181ms)
				ProcessInitializeOnLoadMethodAttributes (26ms)
				AfterProcessingInitializeOnLoad (7ms)
				EditorAssembliesLoaded (0ms)
			ExecutionOrderSort2 (0ms)
			AwakeInstancesAfterBackupRestoration (6ms)
Platform modules already initialized, skipping
========================================================================
Worker process is ready to serve import requests
Launched and connected shader compiler UnityShaderCompiler.exe after 0.03 seconds
Refreshing native plugins compatible for Editor in 0.55 ms, found 2 plugins.
Preloading 0 native plugins for Editor in 0.00 ms.
Unloading 1685 Unused Serialized files (Serialized files now loaded: 0)
Unloading 19 unused Assets / (48.1 KB). Loaded Objects now: 2153.
Memory consumption went from 72.5 MB to 72.5 MB.
Total: 3.515200 ms (FindLiveObjects: 0.144800 ms CreateObjectMapping: 0.074300 ms MarkObjects: 3.227000 ms  DeleteObjects: 0.068200 ms)

AssetImportParameters requested are different than current active one (requested -> active):
  custom:video-decoder-ogg-theora: a1e56fd34408186e4bbccfd4996cb3dc -> 
  custom:container-muxer-webm: aa71ff27fc2769a1b78a27578f13a17b -> 
  custom:container-demuxer-webm: 4f35f7cbe854078d1ac9338744f61a02 -> 
  custom:video-encoder-webm-vp8: eb34c28f22e8b96e1ab97ce403110664 -> 
  custom:audio-encoder-webm-vorbis: bf7c407c2cedff20999df2af8eb42d56 -> 
  custom:framework-win-MediaFoundation: 216162199b28c13a410421893ffa2e32 -> 
  custom:SearchIndexIgnoredProperties: e643bd26f0fe6173181afceb89e7c659 -> 
  custom:container-demuxer-ogg: 62fdf1f143b41e24485cea50d1cbac27 -> 
  custom:video-decoder-webm-vp8: 9c59270c3fd7afecdb556c50c9e8de78 -> 
  custom:audio-decoder-ogg-vorbis: bf7c407c2cedff20999df2af8eb42d56 -> 
========================================================================
Received Import Request.
  Time since last request: 8357.685373 seconds.
  path: Assets/Textures/patchy_cement1_Unity/patchy_cement1_Metallic.psd
  artifactKey: Guid(4c3eba7f434730149a2ea9a70c9fc2f9) Importer(815301076,1909f56bfc062723c751e8b465ee728b)
Start importing Assets/Textures/patchy_cement1_Unity/patchy_cement1_Metallic.psd using Guid(4c3eba7f434730149a2ea9a70c9fc2f9) Importer(815301076,1909f56bfc062723c751e8b465ee728b)  -> (artifact id: '9aacf6131af2ee237ad0b83d5da38ddc') in 0.074939 seconds 
========================================================================
Received Import Request.
  Time since last request: 4.729770 seconds.
  path: Assets/Textures/beaten-up-metal1-unity/beaten-up-metal1-Height.png
  artifactKey: Guid(63c16ef100468164297b7e7ef9da47c3) Importer(815301076,1909f56bfc062723c751e8b465ee728b)
Start importing Assets/Textures/beaten-up-metal1-unity/beaten-up-metal1-Height.png using Guid(63c16ef100468164297b7e7ef9da47c3) Importer(815301076,1909f56bfc062723c751e8b465ee728b)  -> (artifact id: 'fd01ec8c8f76233c6c0f06c6f8481bd6') in 0.026322 seconds 
========================================================================
Received Import Request.
  Time since last request: 0.000015 seconds.
  path: Assets/Textures/beaten-up-metal1-unity/beaten-up-metal1-Metallic.psd
  artifactKey: Guid(826511134562f8244bfec9f5c4984442) Importer(815301076,1909f56bfc062723c751e8b465ee728b)
Start importing Assets/Textures/beaten-up-metal1-unity/beaten-up-metal1-Metallic.psd using Guid(826511134562f8244bfec9f5c4984442) Importer(815301076,1909f56bfc062723c751e8b465ee728b)  -> (artifact id: 'b0c160368b3d65edb0852eaeab07924e') in 0.016955 seconds 
========================================================================
Received Import Request.
  Time since last request: 13.495405 seconds.
  path: Assets/YughuesFreeMetalMaterials/Materials/M_YFMM_11.mat
  artifactKey: Guid(bacc7ee8fd0869d45be470f049e53d8b) Importer(815301076,1909f56bfc062723c751e8b465ee728b)
Start importing Assets/YughuesFreeMetalMaterials/Materials/M_YFMM_11.mat using Guid(bacc7ee8fd0869d45be470f049e53d8b) Importer(815301076,1909f56bfc062723c751e8b465ee728b)  -> (artifact id: '8be0e3494c1fa706d9ac38468484d96c') in 0.279570 seconds 
========================================================================
Received Import Request.
  Time since last request: 0.000016 seconds.
  path: Assets/YughuesFreeMetalMaterials/Materials/M_YFMM_28.mat
  artifactKey: Guid(b80b25c8f396f7a41bcb9d182502dbf3) Importer(815301076,1909f56bfc062723c751e8b465ee728b)
Start importing Assets/YughuesFreeMetalMaterials/Materials/M_YFMM_28.mat using Guid(b80b25c8f396f7a41bcb9d182502dbf3) Importer(815301076,1909f56bfc062723c751e8b465ee728b)  -> (artifact id: 'd86eacce1ac8a25b390914bec3f643f4') in 0.013601 seconds 
========================================================================
Received Import Request.
  Time since last request: 0.000030 seconds.
  path: Assets/YughuesFreeMetalMaterials/Materials/M_YFMM_18.mat
  artifactKey: Guid(f9d3d0adb0578be45993c6728d3cc2dc) Importer(815301076,1909f56bfc062723c751e8b465ee728b)
Start importing Assets/YughuesFreeMetalMaterials/Materials/M_YFMM_18.mat using Guid(f9d3d0adb0578be45993c6728d3cc2dc) Importer(815301076,1909f56bfc062723c751e8b465ee728b)  -> (artifact id: '0828a66f177244308f1ab2182ffee367') in 0.019129 seconds 
========================================================================
Received Import Request.
  Time since last request: 0.000025 seconds.
  path: Assets/YughuesFreeMetalMaterials/Materials/M_YFMM_30.mat
  artifactKey: Guid(a6d73f9e47bd28d438e0eaa89328614f) Importer(815301076,1909f56bfc062723c751e8b465ee728b)
Start importing Assets/YughuesFreeMetalMaterials/Materials/M_YFMM_30.mat using Guid(a6d73f9e47bd28d438e0eaa89328614f) Importer(815301076,1909f56bfc062723c751e8b465ee728b)  -> (artifact id: '7087b4be2af68729ffbf663b4229401d') in 0.018800 seconds 
========================================================================
Received Import Request.
  Time since last request: 0.000015 seconds.
  path: Assets/YughuesFreeMetalMaterials/Materials/M_YFMM_29.mat
  artifactKey: Guid(c3f545871e6ad0b429875fb73852a671) Importer(815301076,1909f56bfc062723c751e8b465ee728b)
Start importing Assets/YughuesFreeMetalMaterials/Materials/M_YFMM_29.mat using Guid(c3f545871e6ad0b429875fb73852a671) Importer(815301076,1909f56bfc062723c751e8b465ee728b)  -> (artifact id: '93907d596ca619d5235461febf9e4478') in 0.017874 seconds 
========================================================================
Received Import Request.
  Time since last request: 0.000019 seconds.
  path: Assets/YughuesFreeMetalMaterials/Materials/M_YFMM_21.mat
  artifactKey: Guid(d690ce46b58f6704caed1ffbff694459) Importer(815301076,1909f56bfc062723c751e8b465ee728b)
Start importing Assets/YughuesFreeMetalMaterials/Materials/M_YFMM_21.mat using Guid(d690ce46b58f6704caed1ffbff694459) Importer(815301076,1909f56bfc062723c751e8b465ee728b)  -> (artifact id: 'd9cdac3ad5032563e6d231f756c2bcea') in 0.013903 seconds 
========================================================================
Received Import Request.
  Time since last request: 0.000015 seconds.
  path: Assets/YughuesFreeMetalMaterials/Materials/M_YFMM_22.mat
  artifactKey: Guid(ad7d3ed0319816940bbf70e52f46866d) Importer(815301076,1909f56bfc062723c751e8b465ee728b)
Start importing Assets/YughuesFreeMetalMaterials/Materials/M_YFMM_22.mat using Guid(ad7d3ed0319816940bbf70e52f46866d) Importer(815301076,1909f56bfc062723c751e8b465ee728b)  -> (artifact id: '311c5fbc328f9b76ed75e6d9640ee1a8') in 0.013342 seconds 
========================================================================
Received Import Request.
  Time since last request: 0.000016 seconds.
  path: Assets/YughuesFreeMetalMaterials/Materials/M_YFMM_36.mat
  artifactKey: Guid(9b8a78dbb8e688e468daf2da07cf93b6) Importer(815301076,1909f56bfc062723c751e8b465ee728b)
Start importing Assets/YughuesFreeMetalMaterials/Materials/M_YFMM_36.mat using Guid(9b8a78dbb8e688e468daf2da07cf93b6) Importer(815301076,1909f56bfc062723c751e8b465ee728b)  -> (artifact id: 'bfdfd6486bed41378e735ead329f1496') in 0.013988 seconds 
========================================================================
Received Import Request.
  Time since last request: 0.000017 seconds.
  path: Assets/YughuesFreeMetalMaterials/Materials/M_YFMM_39.mat
  artifactKey: Guid(89b53b6902b0ec14baa1599e1c68d643) Importer(815301076,1909f56bfc062723c751e8b465ee728b)
Start importing Assets/YughuesFreeMetalMaterials/Materials/M_YFMM_39.mat using Guid(89b53b6902b0ec14baa1599e1c68d643) Importer(815301076,1909f56bfc062723c751e8b465ee728b)  -> (artifact id: '15d6e4b5a49415d7f95941e4ea34bf09') in 0.013475 seconds 
========================================================================
Received Import Request.
  Time since last request: 0.000012 seconds.
  path: Assets/YughuesFreeMetalMaterials/Materials/M_YFMM_38.mat
  artifactKey: Guid(4609707953676524ca8dbe489a6ced95) Importer(815301076,1909f56bfc062723c751e8b465ee728b)
Start importing Assets/YughuesFreeMetalMaterials/Materials/M_YFMM_38.mat using Guid(4609707953676524ca8dbe489a6ced95) Importer(815301076,1909f56bfc062723c751e8b465ee728b)  -> (artifact id: 'd79b979e381c97ecb4f8834b193d7564') in 0.012952 seconds 
========================================================================
Received Import Request.
  Time since last request: 0.000013 seconds.
  path: Assets/YughuesFreeMetalMaterials/Materials/M_YFMM_15.mat
  artifactKey: Guid(dd9f6c05ac7b21e4abd45bc51f3ce0af) Importer(815301076,1909f56bfc062723c751e8b465ee728b)
Start importing Assets/YughuesFreeMetalMaterials/Materials/M_YFMM_15.mat using Guid(dd9f6c05ac7b21e4abd45bc51f3ce0af) Importer(815301076,1909f56bfc062723c751e8b465ee728b)  -> (artifact id: '18436880f244fe3b45fe332aa0c2e2c8') in 0.013233 seconds 
========================================================================
Received Import Request.
  Time since last request: 0.000015 seconds.
  path: Assets/YughuesFreeMetalMaterials/Materials/M_YFMM_27.mat
  artifactKey: Guid(3cd173ae4543f8745ac463237321e8db) Importer(815301076,1909f56bfc062723c751e8b465ee728b)
Start importing Assets/YughuesFreeMetalMaterials/Materials/M_YFMM_27.mat using Guid(3cd173ae4543f8745ac463237321e8db) Importer(815301076,1909f56bfc062723c751e8b465ee728b)  -> (artifact id: '0d678b63b9332cfa64810310d829e4df') in 0.014810 seconds 
========================================================================
Received Import Request.
  Time since last request: 31.671968 seconds.
  path: Assets/Materials/YughuesFreeMetalMaterials/Materials
  artifactKey: Guid(de0b1e1055a5fcd4d9f7d435bf9d531a) Importer(2089858483,0ecaa5967403d082aa24f35e1b516d23)
Start importing Assets/Materials/YughuesFreeMetalMaterials/Materials using Guid(de0b1e1055a5fcd4d9f7d435bf9d531a) Importer(2089858483,0ecaa5967403d082aa24f35e1b516d23) Generated GUIDs only implemented for interfaces!
 -> (artifact id: '45550d4503faebcfd12e971a2744e039') in 0.072523 seconds 
========================================================================
Received Import Request.
  Time since last request: 0.000036 seconds.
  path: Assets/Materials/YughuesFreeMetalMaterials/Materials/M_YFMM_38.mat
  artifactKey: Guid(4609707953676524ca8dbe489a6ced95) Importer(2089858483,0ecaa5967403d082aa24f35e1b516d23)
Start importing Assets/Materials/YughuesFreeMetalMaterials/Materials/M_YFMM_38.mat using Guid(4609707953676524ca8dbe489a6ced95) Importer(2089858483,0ecaa5967403d082aa24f35e1b516d23) Generated GUIDs only implemented for interfaces!
 -> (artifact id: 'd1a3fe419c10729011011bc04e68f8ec') in 0.065769 seconds 
========================================================================
Received Import Request.
  Time since last request: 0.000040 seconds.
  path: Assets/Materials/YughuesFreeMetalMaterials/Materials/Textures/T_10_Specular.tga
  artifactKey: Guid(03dd414d6373d4e458121278ae3a91e5) Importer(2089858483,0ecaa5967403d082aa24f35e1b516d23)
Start importing Assets/Materials/YughuesFreeMetalMaterials/Materials/Textures/T_10_Specular.tga using Guid(03dd414d6373d4e458121278ae3a91e5) Importer(2089858483,0ecaa5967403d082aa24f35e1b516d23) Generated GUIDs only implemented for interfaces!
 -> (artifact id: '20042129a9716b053415d40b86877670') in 0.049267 seconds 
========================================================================
Received Import Request.
  Time since last request: 0.000016 seconds.
  path: Assets/Materials/YughuesFreeMetalMaterials/Materials/M_YFMM_08.mat
  artifactKey: Guid(ee47644675828514c8b999edaa99ee59) Importer(2089858483,0ecaa5967403d082aa24f35e1b516d23)
Start importing Assets/Materials/YughuesFreeMetalMaterials/Materials/M_YFMM_08.mat using Guid(ee47644675828514c8b999edaa99ee59) Importer(2089858483,0ecaa5967403d082aa24f35e1b516d23) Generated GUIDs only implemented for interfaces!
 -> (artifact id: '940f06f9d5adaade91cb625da6341b28') in 0.015981 seconds 
========================================================================
Received Import Request.
  Time since last request: 0.000050 seconds.
  path: Assets/Materials/YughuesFreeMetalMaterials/Materials/Textures/T_38_Diffuse.tga
  artifactKey: Guid(9a1b6d5ae0baac0468a752a11214c0d6) Importer(2089858483,0ecaa5967403d082aa24f35e1b516d23)
Start importing Assets/Materials/YughuesFreeMetalMaterials/Materials/Textures/T_38_Diffuse.tga using Guid(9a1b6d5ae0baac0468a752a11214c0d6) Importer(2089858483,0ecaa5967403d082aa24f35e1b516d23) Generated GUIDs only implemented for interfaces!
 -> (artifact id: 'd6464820075a151d2a7481ea7b431533') in 0.020441 seconds 
========================================================================
Received Import Request.
  Time since last request: 0.000019 seconds.
  path: Assets/Materials/YughuesFreeMetalMaterials/Materials/Textures/T_11_Specular.tga
  artifactKey: Guid(26a5a819f3afd984ea4658c19842fc91) Importer(2089858483,0ecaa5967403d082aa24f35e1b516d23)
Start importing Assets/Materials/YughuesFreeMetalMaterials/Materials/Textures/T_11_Specular.tga using Guid(26a5a819f3afd984ea4658c19842fc91) Importer(2089858483,0ecaa5967403d082aa24f35e1b516d23) Generated GUIDs only implemented for interfaces!
 -> (artifact id: '38604c36af173ad952e87d700eb087a1') in 0.020046 seconds 
========================================================================
Received Import Request.
  Time since last request: 0.000022 seconds.
  path: Assets/Materials/YughuesFreeMetalMaterials/Materials/Textures/T_22_Normal.tga
  artifactKey: Guid(7bf14af4662458044a096632566cf50a) Importer(2089858483,0ecaa5967403d082aa24f35e1b516d23)
Start importing Assets/Materials/YughuesFreeMetalMaterials/Materials/Textures/T_22_Normal.tga using Guid(7bf14af4662458044a096632566cf50a) Importer(2089858483,0ecaa5967403d082aa24f35e1b516d23) Generated GUIDs only implemented for interfaces!
 -> (artifact id: 'cafa649ca55d4df52622e69e34c7015d') in 0.019768 seconds 
========================================================================
Received Import Request.
  Time since last request: 0.000041 seconds.
  path: Assets/Materials/YughuesFreeMetalMaterials/Materials/Textures/T_31_Diffuse.tga
  artifactKey: Guid(45327f0d326c97f4f884bf345d710f7e) Importer(2089858483,0ecaa5967403d082aa24f35e1b516d23)
Start importing Assets/Materials/YughuesFreeMetalMaterials/Materials/Textures/T_31_Diffuse.tga using Guid(45327f0d326c97f4f884bf345d710f7e) Importer(2089858483,0ecaa5967403d082aa24f35e1b516d23) Generated GUIDs only implemented for interfaces!
 -> (artifact id: '9b90bbdf1b6ab221ba88a92509a0f79b') in 0.020038 seconds 
========================================================================
Received Import Request.
  Time since last request: 0.000023 seconds.
  path: Assets/Materials/YughuesFreeMetalMaterials/Materials/Textures/T_32_Diffuse.tga
  artifactKey: Guid(ca4ea6523c57b804492b6ea25083411b) Importer(2089858483,0ecaa5967403d082aa24f35e1b516d23)
Start importing Assets/Materials/YughuesFreeMetalMaterials/Materials/Textures/T_32_Diffuse.tga using Guid(ca4ea6523c57b804492b6ea25083411b) Importer(2089858483,0ecaa5967403d082aa24f35e1b516d23) Generated GUIDs only implemented for interfaces!
 -> (artifact id: 'f587404b9e3e1b14e515bc5e76cd3ee1') in 0.021118 seconds 
========================================================================
Received Import Request.
  Time since last request: 0.000025 seconds.
  path: Assets/Materials/YughuesFreeMetalMaterials/Materials/Textures/T_21_Normal.tga
  artifactKey: Guid(e467b527fd3204a4292b9afadb018f4a) Importer(2089858483,0ecaa5967403d082aa24f35e1b516d23)
Start importing Assets/Materials/YughuesFreeMetalMaterials/Materials/Textures/T_21_Normal.tga using Guid(e467b527fd3204a4292b9afadb018f4a) Importer(2089858483,0ecaa5967403d082aa24f35e1b516d23) Generated GUIDs only implemented for interfaces!
 -> (artifact id: 'b83282cc03a4efd249ae45dea98f06c9') in 0.021290 seconds 
========================================================================
Received Import Request.
  Time since last request: 0.000034 seconds.
  path: Assets/Materials/YughuesFreeMetalMaterials/Materials/Textures/T_29_Normal.tga
  artifactKey: Guid(b0a7501717f3514478fad8bb7bae311c) Importer(2089858483,0ecaa5967403d082aa24f35e1b516d23)
Start importing Assets/Materials/YughuesFreeMetalMaterials/Materials/Textures/T_29_Normal.tga using Guid(b0a7501717f3514478fad8bb7bae311c) Importer(2089858483,0ecaa5967403d082aa24f35e1b516d23) Generated GUIDs only implemented for interfaces!
 -> (artifact id: '54e1df7f10db68d2a850dcd81cdbe19c') in 0.017377 seconds 
========================================================================
Received Import Request.
  Time since last request: 0.000053 seconds.
  path: Assets/Materials/YughuesFreeMetalMaterials/Materials/Textures/T_37_Specular.tga
  artifactKey: Guid(0182e461824e4f54798ad0a99fdd7f72) Importer(2089858483,0ecaa5967403d082aa24f35e1b516d23)
Start importing Assets/Materials/YughuesFreeMetalMaterials/Materials/Textures/T_37_Specular.tga using Guid(0182e461824e4f54798ad0a99fdd7f72) Importer(2089858483,0ecaa5967403d082aa24f35e1b516d23) Generated GUIDs only implemented for interfaces!
 -> (artifact id: '8f344820d2f85c54745a79ec42147520') in 0.020051 seconds 
========================================================================
Received Import Request.
  Time since last request: 0.000020 seconds.
  path: Assets/Materials/YughuesFreeMetalMaterials/Materials/Textures/T_34_Diffuse.tga
  artifactKey: Guid(48767341f44caab40ac1a920878bb23c) Importer(2089858483,0ecaa5967403d082aa24f35e1b516d23)
Start importing Assets/Materials/YughuesFreeMetalMaterials/Materials/Textures/T_34_Diffuse.tga using Guid(48767341f44caab40ac1a920878bb23c) Importer(2089858483,0ecaa5967403d082aa24f35e1b516d23) Generated GUIDs only implemented for interfaces!
 -> (artifact id: '560934f17030eb16ad963036c11b5b6e') in 0.017830 seconds 
========================================================================
Received Import Request.
  Time since last request: 0.000038 seconds.
  path: Assets/Materials/YughuesFreeMetalMaterials/Materials/Textures/T_33_Specular.tga
  artifactKey: Guid(2f8736d3b14d57248aa4deb116b93d32) Importer(2089858483,0ecaa5967403d082aa24f35e1b516d23)
Start importing Assets/Materials/YughuesFreeMetalMaterials/Materials/Textures/T_33_Specular.tga using Guid(2f8736d3b14d57248aa4deb116b93d32) Importer(2089858483,0ecaa5967403d082aa24f35e1b516d23) Generated GUIDs only implemented for interfaces!
 -> (artifact id: 'e73e5ddc32872b5583f32fd01f433d33') in 0.018031 seconds 
========================================================================
Received Import Request.
  Time since last request: 0.000034 seconds.
  path: Assets/Materials/YughuesFreeMetalMaterials/Materials/Textures/T_45_Normal.tga
  artifactKey: Guid(f9469f3b93a01a24c99b79f7d7ac025d) Importer(2089858483,0ecaa5967403d082aa24f35e1b516d23)
Start importing Assets/Materials/YughuesFreeMetalMaterials/Materials/Textures/T_45_Normal.tga using Guid(f9469f3b93a01a24c99b79f7d7ac025d) Importer(2089858483,0ecaa5967403d082aa24f35e1b516d23) Generated GUIDs only implemented for interfaces!
 -> (artifact id: '36328f89d000dc182d8fae352aa221e4') in 0.017787 seconds 
========================================================================
Received Import Request.
  Time since last request: 0.000050 seconds.
  path: Assets/Materials/YughuesFreeMetalMaterials/Materials/Textures/T_35_Specular.tga
  artifactKey: Guid(d5f16c147d28ac84ea736b0c41958bfb) Importer(2089858483,0ecaa5967403d082aa24f35e1b516d23)
Start importing Assets/Materials/YughuesFreeMetalMaterials/Materials/Textures/T_35_Specular.tga using Guid(d5f16c147d28ac84ea736b0c41958bfb) Importer(2089858483,0ecaa5967403d082aa24f35e1b516d23) Generated GUIDs only implemented for interfaces!
 -> (artifact id: '9c2ab389006e44af5b163f1f224a8294') in 0.021919 seconds 
========================================================================
Received Import Request.
  Time since last request: 0.000027 seconds.
  path: Assets/Materials/YughuesFreeMetalMaterials/Materials/Textures/T_15_Diffuse.tga
  artifactKey: Guid(47f997fbf9cb3a840a27fef8a495a398) Importer(2089858483,0ecaa5967403d082aa24f35e1b516d23)
Start importing Assets/Materials/YughuesFreeMetalMaterials/Materials/Textures/T_15_Diffuse.tga using Guid(47f997fbf9cb3a840a27fef8a495a398) Importer(2089858483,0ecaa5967403d082aa24f35e1b516d23) Generated GUIDs only implemented for interfaces!
 -> (artifact id: 'f271fb434e2aaf29205644d55c126b75') in 0.018275 seconds 
========================================================================
Received Import Request.
  Time since last request: 0.000026 seconds.
  path: Assets/Materials/YughuesFreeMetalMaterials/Materials/M_YFMM_34.mat
  artifactKey: Guid(4a2abd4f67aefc24b9c6cca2d197adc7) Importer(2089858483,0ecaa5967403d082aa24f35e1b516d23)
Start importing Assets/Materials/YughuesFreeMetalMaterials/Materials/M_YFMM_34.mat using Guid(4a2abd4f67aefc24b9c6cca2d197adc7) Importer(2089858483,0ecaa5967403d082aa24f35e1b516d23) Generated GUIDs only implemented for interfaces!
 -> (artifact id: '16e107b6fe031ce42970b75844ebdf2a') in 0.014323 seconds 
========================================================================
Received Import Request.
  Time since last request: 0.000022 seconds.
  path: Assets/Materials/YughuesFreeMetalMaterials/Materials/M_YFMM_27.mat
  artifactKey: Guid(3cd173ae4543f8745ac463237321e8db) Importer(2089858483,0ecaa5967403d082aa24f35e1b516d23)
Start importing Assets/Materials/YughuesFreeMetalMaterials/Materials/M_YFMM_27.mat using Guid(3cd173ae4543f8745ac463237321e8db) Importer(2089858483,0ecaa5967403d082aa24f35e1b516d23) Generated GUIDs only implemented for interfaces!
 -> (artifact id: '523e126cc9c4991491d88791ab80c812') in 0.015029 seconds 
========================================================================
Received Import Request.
  Time since last request: 0.000019 seconds.
  path: Assets/Materials/YughuesFreeMetalMaterials/Materials/Textures/T_12_Normal.tga
  artifactKey: Guid(12dee78e6b4fc644fb75f9d19b8b9ba8) Importer(2089858483,0ecaa5967403d082aa24f35e1b516d23)
Start importing Assets/Materials/YughuesFreeMetalMaterials/Materials/Textures/T_12_Normal.tga using Guid(12dee78e6b4fc644fb75f9d19b8b9ba8) Importer(2089858483,0ecaa5967403d082aa24f35e1b516d23) Generated GUIDs only implemented for interfaces!
 -> (artifact id: 'df4c9f6d5b50127ec6b209d96a2c9155') in 0.017497 seconds 
========================================================================
Received Import Request.
  Time since last request: 0.000022 seconds.
  path: Assets/Materials/YughuesFreeMetalMaterials/Materials/Textures/T_31_Normal.tga
  artifactKey: Guid(79a144edbc721134e96d8c6b78287024) Importer(2089858483,0ecaa5967403d082aa24f35e1b516d23)
Start importing Assets/Materials/YughuesFreeMetalMaterials/Materials/Textures/T_31_Normal.tga using Guid(79a144edbc721134e96d8c6b78287024) Importer(2089858483,0ecaa5967403d082aa24f35e1b516d23) Generated GUIDs only implemented for interfaces!
 -> (artifact id: '5898cce03b6449ba34e0d60b01e7a7f5') in 0.018620 seconds 
========================================================================
Received Import Request.
  Time since last request: 0.000018 seconds.
  path: Assets/Materials/YughuesFreeMetalMaterials/Materials/Textures/T_37_Normal.tga
  artifactKey: Guid(99b90d66a3c01c149a95efb7fa1070ab) Importer(2089858483,0ecaa5967403d082aa24f35e1b516d23)
Start importing Assets/Materials/YughuesFreeMetalMaterials/Materials/Textures/T_37_Normal.tga using Guid(99b90d66a3c01c149a95efb7fa1070ab) Importer(2089858483,0ecaa5967403d082aa24f35e1b516d23) Generated GUIDs only implemented for interfaces!
 -> (artifact id: '916096d44cc625912671cb6ba07be515') in 0.024570 seconds 
========================================================================
Received Import Request.
  Time since last request: 0.000028 seconds.
  path: Assets/Materials/YughuesFreeMetalMaterials/Materials/Textures/T_36_Diffuse.tga
  artifactKey: Guid(048117a1d65d06446b690db21b8598e1) Importer(2089858483,0ecaa5967403d082aa24f35e1b516d23)
Start importing Assets/Materials/YughuesFreeMetalMaterials/Materials/Textures/T_36_Diffuse.tga using Guid(048117a1d65d06446b690db21b8598e1) Importer(2089858483,0ecaa5967403d082aa24f35e1b516d23) Generated GUIDs only implemented for interfaces!
 -> (artifact id: 'a133ea320f5d8126cbfe3c89331caac7') in 0.018503 seconds 
========================================================================
Received Import Request.
  Time since last request: 0.000018 seconds.
  path: Assets/Materials/YughuesFreeMetalMaterials/Materials/Textures/T_08_Diffuse.tga
  artifactKey: Guid(640ee290d9cbc4b4685c85ef0d50ea60) Importer(2089858483,0ecaa5967403d082aa24f35e1b516d23)
Start importing Assets/Materials/YughuesFreeMetalMaterials/Materials/Textures/T_08_Diffuse.tga using Guid(640ee290d9cbc4b4685c85ef0d50ea60) Importer(2089858483,0ecaa5967403d082aa24f35e1b516d23) Generated GUIDs only implemented for interfaces!
 -> (artifact id: 'f5aab30e8923870e576b7e490e3d14f3') in 0.017856 seconds 
========================================================================
Received Import Request.
  Time since last request: 0.000026 seconds.
  path: Assets/Materials/YughuesFreeMetalMaterials/Materials/Textures/T_21_Specular.tga
  artifactKey: Guid(c979550daad02764d983ba90e592ad9d) Importer(2089858483,0ecaa5967403d082aa24f35e1b516d23)
Start importing Assets/Materials/YughuesFreeMetalMaterials/Materials/Textures/T_21_Specular.tga using Guid(c979550daad02764d983ba90e592ad9d) Importer(2089858483,0ecaa5967403d082aa24f35e1b516d23) Generated GUIDs only implemented for interfaces!
 -> (artifact id: '44339a88370d209ff31607d30114711d') in 0.018493 seconds 
========================================================================
Received Import Request.
  Time since last request: 0.000022 seconds.
  path: Assets/Materials/YughuesFreeMetalMaterials/Materials/Textures/T_32_Normal.tga
  artifactKey: Guid(2c1a4f21c19d4044eb1a16365b2ee5c2) Importer(2089858483,0ecaa5967403d082aa24f35e1b516d23)
Start importing Assets/Materials/YughuesFreeMetalMaterials/Materials/Textures/T_32_Normal.tga using Guid(2c1a4f21c19d4044eb1a16365b2ee5c2) Importer(2089858483,0ecaa5967403d082aa24f35e1b516d23) Generated GUIDs only implemented for interfaces!
 -> (artifact id: '15cbf2728f411e40aa2af55c593d1810') in 0.018658 seconds 
========================================================================
Received Import Request.
  Time since last request: 0.000016 seconds.
  path: Assets/Materials/YughuesFreeMetalMaterials/Materials/Textures/T_38_Specular.tga
  artifactKey: Guid(31da0e9d4e721be4ca16edb93d39a93d) Importer(2089858483,0ecaa5967403d082aa24f35e1b516d23)
Start importing Assets/Materials/YughuesFreeMetalMaterials/Materials/Textures/T_38_Specular.tga using Guid(31da0e9d4e721be4ca16edb93d39a93d) Importer(2089858483,0ecaa5967403d082aa24f35e1b516d23) Generated GUIDs only implemented for interfaces!
 -> (artifact id: '8f9b50fd0f5e9583dba0fdf5f437b9ca') in 0.030918 seconds 
========================================================================
Received Import Request.
  Time since last request: 0.000026 seconds.
  path: Assets/Materials/YughuesFreeMetalMaterials/Materials/Textures/T_28_Specular.tga
  artifactKey: Guid(d86c80ae03435124fbf96fd0e9882016) Importer(2089858483,0ecaa5967403d082aa24f35e1b516d23)
Start importing Assets/Materials/YughuesFreeMetalMaterials/Materials/Textures/T_28_Specular.tga using Guid(d86c80ae03435124fbf96fd0e9882016) Importer(2089858483,0ecaa5967403d082aa24f35e1b516d23) Generated GUIDs only implemented for interfaces!
 -> (artifact id: '5811435d747f0ef83e1a0bbc15f640a7') in 0.020653 seconds 
========================================================================
Received Import Request.
  Time since last request: 0.000027 seconds.
  path: Assets/Materials/YughuesFreeMetalMaterials/Materials/M_YFMM_32.mat
  artifactKey: Guid(808e5bc0f76962c459361fe60e2d29ec) Importer(2089858483,0ecaa5967403d082aa24f35e1b516d23)
Start importing Assets/Materials/YughuesFreeMetalMaterials/Materials/M_YFMM_32.mat using Guid(808e5bc0f76962c459361fe60e2d29ec) Importer(2089858483,0ecaa5967403d082aa24f35e1b516d23) Generated GUIDs only implemented for interfaces!
 -> (artifact id: '6c7387d329e4cb1456d7a3222e5a5dfd') in 0.013712 seconds 
========================================================================
Received Import Request.
  Time since last request: 0.000025 seconds.
  path: Assets/Materials/YughuesFreeMetalMaterials/Materials/Textures/T_35_Diffuse.tga
  artifactKey: Guid(7c1d65d497687d64c9db74501b19ccf8) Importer(2089858483,0ecaa5967403d082aa24f35e1b516d23)
Start importing Assets/Materials/YughuesFreeMetalMaterials/Materials/Textures/T_35_Diffuse.tga using Guid(7c1d65d497687d64c9db74501b19ccf8) Importer(2089858483,0ecaa5967403d082aa24f35e1b516d23) Generated GUIDs only implemented for interfaces!
 -> (artifact id: '0a9b1dc18218d60a05fd298fdd9c51bd') in 0.017469 seconds 
========================================================================
Received Import Request.
  Time since last request: 0.000019 seconds.
  path: Assets/Materials/YughuesFreeMetalMaterials/Materials/Textures/T_21_Diffuse.tga
  artifactKey: Guid(65c44c9418dce2e4e966f8fb196d64db) Importer(2089858483,0ecaa5967403d082aa24f35e1b516d23)
Start importing Assets/Materials/YughuesFreeMetalMaterials/Materials/Textures/T_21_Diffuse.tga using Guid(65c44c9418dce2e4e966f8fb196d64db) Importer(2089858483,0ecaa5967403d082aa24f35e1b516d23) Generated GUIDs only implemented for interfaces!
 -> (artifact id: '6a8004b80d36a5a8148c37843893fa33') in 0.021527 seconds 
