Using pre-set license
Built from '2021.3/staging' branch; Version is '2021.3.11f1 (0a5ca18544bf) revision 679073'; Using compiler version '192829333'; Build Type 'Release'
OS: 'Windows 10  (10.0.19044) 64bit Professional' Language: 'ru' Physical Memory: 16215 MB
BatchMode: 1, IsHumanControllingUs: 0, StartBugReporterOnCrash: 0, Is64bit: 1, IsPro: 1

COMMAND LINE ARGUMENTS:
C:\Program Files\Unity Hub\Unity 2021.3.11f1\Editor\Unity.exe
-adb2
-batchMode
-noUpm
-name
AssetImportWorker6
-projectPath
C:/Users/XacDacZloyKot/Desktop/Zavod/ISPU_VR2/ISPU_VR2
-logFile
Logs/AssetImportWorker6.log
-srvPort
60972
Successfully changed project path to: C:/Users/XacDacZloyKot/Desktop/Zavod/ISPU_VR2/ISPU_VR2
C:/Users/XacDacZloyKot/Desktop/Zavod/ISPU_VR2/ISPU_VR2
[UnityMemory] Configuration Parameters - Can be set up in boot.config
    "memorysetup-bucket-allocator-granularity=16"
    "memorysetup-bucket-allocator-bucket-count=8"
    "memorysetup-bucket-allocator-block-size=33554432"
    "memorysetup-bucket-allocator-block-count=8"
    "memorysetup-main-allocator-block-size=16777216"
    "memorysetup-thread-allocator-block-size=16777216"
    "memorysetup-gfx-main-allocator-block-size=16777216"
    "memorysetup-gfx-thread-allocator-block-size=16777216"
    "memorysetup-cache-allocator-block-size=4194304"
    "memorysetup-typetree-allocator-block-size=2097152"
    "memorysetup-profiler-bucket-allocator-granularity=16"
    "memorysetup-profiler-bucket-allocator-bucket-count=8"
    "memorysetup-profiler-bucket-allocator-block-size=33554432"
    "memorysetup-profiler-bucket-allocator-block-count=8"
    "memorysetup-profiler-allocator-block-size=16777216"
    "memorysetup-profiler-editor-allocator-block-size=1048576"
    "memorysetup-temp-allocator-size-main=16777216"
    "memorysetup-job-temp-allocator-block-size=2097152"
    "memorysetup-job-temp-allocator-block-size-background=1048576"
    "memorysetup-job-temp-allocator-reduction-small-platforms=262144"
    "memorysetup-temp-allocator-size-background-worker=32768"
    "memorysetup-temp-allocator-size-job-worker=262144"
    "memorysetup-temp-allocator-size-preload-manager=33554432"
    "memorysetup-temp-allocator-size-nav-mesh-worker=65536"
    "memorysetup-temp-allocator-size-audio-worker=65536"
    "memorysetup-temp-allocator-size-cloud-worker=32768"
    "memorysetup-temp-allocator-size-gi-baking-worker=262144"
    "memorysetup-temp-allocator-size-gfx=262144"
Refreshing native plugins compatible for Editor in 27.96 ms, found 2 plugins.
Preloading 0 native plugins for Editor in 0.00 ms.
Initialize engine version: 2021.3.11f1 (0a5ca18544bf)
[Subsystems] Discovering subsystems at path C:/Program Files/Unity Hub/Unity 2021.3.11f1/Editor/Data/Resources/UnitySubsystems
[Subsystems] Discovering subsystems at path C:/Users/XacDacZloyKot/Desktop/Zavod/ISPU_VR2/ISPU_VR2/Assets
GfxDevice: creating device client; threaded=0; jobified=0
Direct3D:
    Version:  Direct3D 11.0 [level 11.1]
    Renderer: NVIDIA GeForce RTX 3060 Laptop GPU (ID=0x2520)
    Vendor:   NVIDIA
    VRAM:     6009 MB
    Driver:   31.0.15.2849
Initialize mono
Mono path[0] = 'C:/Program Files/Unity Hub/Unity 2021.3.11f1/Editor/Data/Managed'
Mono path[1] = 'C:/Program Files/Unity Hub/Unity 2021.3.11f1/Editor/Data/MonoBleedingEdge/lib/mono/unityjit-win32'
Mono config path = 'C:/Program Files/Unity Hub/Unity 2021.3.11f1/Editor/Data/MonoBleedingEdge/etc'
Using monoOptions --debugger-agent=transport=dt_socket,embedding=1,server=y,suspend=n,address=127.0.0.1:56236
Begin MonoManager ReloadAssembly
Registering precompiled unity dll's ...
Register platform support module: C:/Program Files/Unity Hub/Unity 2021.3.11f1/Editor/Data/PlaybackEngines/WindowsStandaloneSupport/UnityEditor.WindowsStandalone.Extensions.dll
Registered in 0.005043 seconds.
Native extension for WindowsStandalone target not found
Refreshing native plugins compatible for Editor in 23.66 ms, found 2 plugins.
Preloading 0 native plugins for Editor in 0.00 ms.
Mono: successfully reloaded assembly
- Completed reload, in  0.507 seconds
Domain Reload Profiling:
	ReloadAssembly (507ms)
		BeginReloadAssembly (66ms)
			ExecutionOrderSort (0ms)
			DisableScriptedObjects (0ms)
			BackupInstance (0ms)
			ReleaseScriptingObjects (0ms)
			CreateAndSetChildDomain (1ms)
		EndReloadAssembly (339ms)
			LoadAssemblies (64ms)
			RebuildTransferFunctionScriptingTraits (0ms)
			SetupTypeCache (91ms)
			ReleaseScriptCaches (0ms)
			RebuildScriptCaches (23ms)
			SetupLoadedEditorAssemblies (183ms)
				LogAssemblyErrors (0ms)
				InitializePlatformSupportModulesInManaged (6ms)
				SetLoadedEditorAssemblies (0ms)
				RefreshPlugins (24ms)
				BeforeProcessingInitializeOnLoad (1ms)
				ProcessInitializeOnLoadAttributes (112ms)
				ProcessInitializeOnLoadMethodAttributes (40ms)
				AfterProcessingInitializeOnLoad (0ms)
				EditorAssembliesLoaded (0ms)
			ExecutionOrderSort2 (0ms)
			AwakeInstancesAfterBackupRestoration (0ms)
Platform modules already initialized, skipping
Registering precompiled user dll's ...
Registered in 0.002942 seconds.
Begin MonoManager ReloadAssembly
Native extension for WindowsStandalone target not found
Refreshing native plugins compatible for Editor in 0.31 ms, found 2 plugins.
Preloading 0 native plugins for Editor in 0.00 ms.
Mono: successfully reloaded assembly
- Completed reload, in  0.771 seconds
Domain Reload Profiling:
	ReloadAssembly (772ms)
		BeginReloadAssembly (96ms)
			ExecutionOrderSort (0ms)
			DisableScriptedObjects (5ms)
			BackupInstance (0ms)
			ReleaseScriptingObjects (0ms)
			CreateAndSetChildDomain (16ms)
		EndReloadAssembly (572ms)
			LoadAssemblies (64ms)
			RebuildTransferFunctionScriptingTraits (0ms)
			SetupTypeCache (167ms)
			ReleaseScriptCaches (0ms)
			RebuildScriptCaches (38ms)
			SetupLoadedEditorAssemblies (265ms)
				LogAssemblyErrors (0ms)
				InitializePlatformSupportModulesInManaged (4ms)
				SetLoadedEditorAssemblies (0ms)
				RefreshPlugins (0ms)
				BeforeProcessingInitializeOnLoad (50ms)
				ProcessInitializeOnLoadAttributes (177ms)
				ProcessInitializeOnLoadMethodAttributes (24ms)
				AfterProcessingInitializeOnLoad (8ms)
				EditorAssembliesLoaded (0ms)
			ExecutionOrderSort2 (0ms)
			AwakeInstancesAfterBackupRestoration (5ms)
Platform modules already initialized, skipping
========================================================================
Worker process is ready to serve import requests
Launched and connected shader compiler UnityShaderCompiler.exe after 0.03 seconds
Refreshing native plugins compatible for Editor in 0.32 ms, found 2 plugins.
Preloading 0 native plugins for Editor in 0.00 ms.
Unloading 1685 Unused Serialized files (Serialized files now loaded: 0)
Unloading 19 unused Assets / (48.1 KB). Loaded Objects now: 2153.
Memory consumption went from 72.5 MB to 72.5 MB.
Total: 2.886600 ms (FindLiveObjects: 0.190600 ms CreateObjectMapping: 0.071800 ms MarkObjects: 2.549000 ms  DeleteObjects: 0.074100 ms)

AssetImportParameters requested are different than current active one (requested -> active):
  custom:video-decoder-ogg-theora: a1e56fd34408186e4bbccfd4996cb3dc -> 
  custom:container-muxer-webm: aa71ff27fc2769a1b78a27578f13a17b -> 
  custom:container-demuxer-webm: 4f35f7cbe854078d1ac9338744f61a02 -> 
  custom:video-encoder-webm-vp8: eb34c28f22e8b96e1ab97ce403110664 -> 
  custom:audio-encoder-webm-vorbis: bf7c407c2cedff20999df2af8eb42d56 -> 
  custom:framework-win-MediaFoundation: 216162199b28c13a410421893ffa2e32 -> 
  custom:SearchIndexIgnoredProperties: e643bd26f0fe6173181afceb89e7c659 -> 
  custom:container-demuxer-ogg: 62fdf1f143b41e24485cea50d1cbac27 -> 
  custom:video-decoder-webm-vp8: 9c59270c3fd7afecdb556c50c9e8de78 -> 
  custom:audio-decoder-ogg-vorbis: bf7c407c2cedff20999df2af8eb42d56 -> 
========================================================================
Received Import Request.
  Time since last request: 7295.680930 seconds.
  path: Assets/Textures/grey_metal_01
  artifactKey: Guid(380ab223eca294848acaadc96e0a25eb) Importer(815301076,1909f56bfc062723c751e8b465ee728b)
Start importing Assets/Textures/grey_metal_01 using Guid(380ab223eca294848acaadc96e0a25eb) Importer(815301076,1909f56bfc062723c751e8b465ee728b)  -> (artifact id: '799c000a7ee8bc8a6761f18dab814d94') in 0.008944 seconds 
========================================================================
Received Import Request.
  Time since last request: 0.064822 seconds.
  path: Assets/Textures/grey_metal_01/grey_metal_01_diffuse.png
  artifactKey: Guid(8e7e26fadbf6155428726cbf55b99661) Importer(815301076,1909f56bfc062723c751e8b465ee728b)
Start importing Assets/Textures/grey_metal_01/grey_metal_01_diffuse.png using Guid(8e7e26fadbf6155428726cbf55b99661) Importer(815301076,1909f56bfc062723c751e8b465ee728b)  -> (artifact id: '0887f25bfa4ac9272744df7f2646f8e0') in 0.081579 seconds 
========================================================================
Received Import Request.
  Time since last request: 17.010862 seconds.
  path: Assets/Materials/grey_metall.mat
  artifactKey: Guid(03c0602ac9aa938439547ec863e53a9f) Importer(815301076,1909f56bfc062723c751e8b465ee728b)
Start importing Assets/Materials/grey_metall.mat using Guid(03c0602ac9aa938439547ec863e53a9f) Importer(815301076,1909f56bfc062723c751e8b465ee728b)  -> (artifact id: '4e20643f22b1c6ee4c523cfb8b4e2996') in 0.069126 seconds 
========================================================================
Received Import Request.
  Time since last request: 0.895269 seconds.
  path: Assets/Materials/grey_metall.mat
  artifactKey: Guid(03c0602ac9aa938439547ec863e53a9f) Importer(2089858483,0ecaa5967403d082aa24f35e1b516d23)
Start importing Assets/Materials/grey_metall.mat using Guid(03c0602ac9aa938439547ec863e53a9f) Importer(2089858483,0ecaa5967403d082aa24f35e1b516d23) Generated GUIDs only implemented for interfaces!
 -> (artifact id: '24037f790c12f5066767abb7a981b9e8') in 0.105814 seconds 
========================================================================
Received Import Request.
  Time since last request: 48.720968 seconds.
  path: Assets/Textures/grey_metal_01/grey_metal_01_normal.png
  artifactKey: Guid(f08274188812a0944a47dec26215468f) Importer(815301076,1909f56bfc062723c751e8b465ee728b)
Start importing Assets/Textures/grey_metal_01/grey_metal_01_normal.png using Guid(f08274188812a0944a47dec26215468f) Importer(815301076,1909f56bfc062723c751e8b465ee728b)  -> (artifact id: '4879e9efac5c40a5776ac12b5aaf5784') in 0.019579 seconds 
========================================================================
Received Import Request.
  Time since last request: 0.947397 seconds.
  path: Assets/Textures/grey_metal_01/grey_metal_01_normal.png
  artifactKey: Guid(f08274188812a0944a47dec26215468f) Importer(2089858483,0ecaa5967403d082aa24f35e1b516d23)
Start importing Assets/Textures/grey_metal_01/grey_metal_01_normal.png using Guid(f08274188812a0944a47dec26215468f) Importer(2089858483,0ecaa5967403d082aa24f35e1b516d23) Generated GUIDs only implemented for interfaces!
 -> (artifact id: 'a8507559a1ea8ccff8c3ea25b1891432') in 0.038176 seconds 
========================================================================
Received Import Request.
  Time since last request: 276.460289 seconds.
  path: Assets/Materials/grey_metall.mat
  artifactKey: Guid(03c0602ac9aa938439547ec863e53a9f) Importer(815301076,1909f56bfc062723c751e8b465ee728b)
Start importing Assets/Materials/grey_metall.mat using Guid(03c0602ac9aa938439547ec863e53a9f) Importer(815301076,1909f56bfc062723c751e8b465ee728b)  -> (artifact id: '694d982ebe151b852fe946650e850fb1') in 0.032762 seconds 
========================================================================
Received Import Request.
  Time since last request: 0.901583 seconds.
  path: Assets/Materials/grey_metall.mat
  artifactKey: Guid(03c0602ac9aa938439547ec863e53a9f) Importer(2089858483,0ecaa5967403d082aa24f35e1b516d23)
Start importing Assets/Materials/grey_metall.mat using Guid(03c0602ac9aa938439547ec863e53a9f) Importer(2089858483,0ecaa5967403d082aa24f35e1b516d23) Generated GUIDs only implemented for interfaces!
 -> (artifact id: '31c62bc0d90b98352486f14e7d84f903') in 0.020621 seconds 
========================================================================
Received Import Request.
  Time since last request: 696.034649 seconds.
  path: Assets/YughuesFreeMetalMaterials/Materials/Textures/T_18_Diffuse.tga
  artifactKey: Guid(593ec409626273b4fafae09440a512d5) Importer(2089858483,0ecaa5967403d082aa24f35e1b516d23)
Start importing Assets/YughuesFreeMetalMaterials/Materials/Textures/T_18_Diffuse.tga using Guid(593ec409626273b4fafae09440a512d5) Importer(2089858483,0ecaa5967403d082aa24f35e1b516d23) Generated GUIDs only implemented for interfaces!
 -> (artifact id: '28af7f66630c0260982fa41f158368e3') in 0.027820 seconds 
========================================================================
Received Import Request.
  Time since last request: 0.000018 seconds.
  path: Assets/YughuesFreeMetalMaterials/Materials/Textures/T_12_Specular.tga
  artifactKey: Guid(d72611aa5c8088f4eb634a6f1178acd5) Importer(2089858483,0ecaa5967403d082aa24f35e1b516d23)
Start importing Assets/YughuesFreeMetalMaterials/Materials/Textures/T_12_Specular.tga using Guid(d72611aa5c8088f4eb634a6f1178acd5) Importer(2089858483,0ecaa5967403d082aa24f35e1b516d23) Generated GUIDs only implemented for interfaces!
 -> (artifact id: 'abb10e1c527bf7ffcb45cbf5a9626a18') in 0.017627 seconds 
========================================================================
Received Import Request.
  Time since last request: 0.000018 seconds.
  path: Assets/YughuesFreeMetalMaterials/Materials/M_YFMM_34.mat
  artifactKey: Guid(4a2abd4f67aefc24b9c6cca2d197adc7) Importer(2089858483,0ecaa5967403d082aa24f35e1b516d23)
Start importing Assets/YughuesFreeMetalMaterials/Materials/M_YFMM_34.mat using Guid(4a2abd4f67aefc24b9c6cca2d197adc7) Importer(2089858483,0ecaa5967403d082aa24f35e1b516d23) Generated GUIDs only implemented for interfaces!
 -> (artifact id: '0077dac8c653e2db7b3a565ca484f3dc') in 0.064453 seconds 
========================================================================
Received Import Request.
  Time since last request: 0.000023 seconds.
  path: Assets/YughuesFreeMetalMaterials/Materials/Textures/T_10_Diffuse.tga
  artifactKey: Guid(9235f02dfc48e41448cbd353c0a00a8d) Importer(2089858483,0ecaa5967403d082aa24f35e1b516d23)
Start importing Assets/YughuesFreeMetalMaterials/Materials/Textures/T_10_Diffuse.tga using Guid(9235f02dfc48e41448cbd353c0a00a8d) Importer(2089858483,0ecaa5967403d082aa24f35e1b516d23) Generated GUIDs only implemented for interfaces!
 -> (artifact id: '752bcb37f3edde7a65649344343190a8') in 0.020117 seconds 
========================================================================
Received Import Request.
  Time since last request: 0.000014 seconds.
  path: Assets/YughuesFreeMetalMaterials/Materials/M_YFMM_36.mat
  artifactKey: Guid(9b8a78dbb8e688e468daf2da07cf93b6) Importer(2089858483,0ecaa5967403d082aa24f35e1b516d23)
Start importing Assets/YughuesFreeMetalMaterials/Materials/M_YFMM_36.mat using Guid(9b8a78dbb8e688e468daf2da07cf93b6) Importer(2089858483,0ecaa5967403d082aa24f35e1b516d23) Generated GUIDs only implemented for interfaces!
 -> (artifact id: 'b19e01c6451336189e74db57311b95eb') in 0.015368 seconds 
========================================================================
Received Import Request.
  Time since last request: 0.000032 seconds.
  path: Assets/YughuesFreeMetalMaterials/Materials/Textures/T_45_Specular.tga
  artifactKey: Guid(2148d522e737aa7428d1d5d792651d6d) Importer(2089858483,0ecaa5967403d082aa24f35e1b516d23)
Start importing Assets/YughuesFreeMetalMaterials/Materials/Textures/T_45_Specular.tga using Guid(2148d522e737aa7428d1d5d792651d6d) Importer(2089858483,0ecaa5967403d082aa24f35e1b516d23) Generated GUIDs only implemented for interfaces!
 -> (artifact id: '922a56bc1f82d3c5154cf6e52e1fcfee') in 0.022514 seconds 
========================================================================
Received Import Request.
  Time since last request: 0.000018 seconds.
  path: Assets/YughuesFreeMetalMaterials/Materials/M_YFMM_18.mat
  artifactKey: Guid(f9d3d0adb0578be45993c6728d3cc2dc) Importer(2089858483,0ecaa5967403d082aa24f35e1b516d23)
Start importing Assets/YughuesFreeMetalMaterials/Materials/M_YFMM_18.mat using Guid(f9d3d0adb0578be45993c6728d3cc2dc) Importer(2089858483,0ecaa5967403d082aa24f35e1b516d23) Generated GUIDs only implemented for interfaces!
 -> (artifact id: '6a6ec54c1bcb5f7720bf3f40da7c76e9') in 0.017626 seconds 
========================================================================
Received Import Request.
  Time since last request: 0.000031 seconds.
  path: Assets/YughuesFreeMetalMaterials/Materials/Textures/T_19_Specular.tga
  artifactKey: Guid(edad444768045b242afcceaa7d352ffb) Importer(2089858483,0ecaa5967403d082aa24f35e1b516d23)
Start importing Assets/YughuesFreeMetalMaterials/Materials/Textures/T_19_Specular.tga using Guid(edad444768045b242afcceaa7d352ffb) Importer(2089858483,0ecaa5967403d082aa24f35e1b516d23) Generated GUIDs only implemented for interfaces!
 -> (artifact id: 'c51e5f7073c795b407bd9d6f72dd5051') in 0.022550 seconds 
========================================================================
Received Import Request.
  Time since last request: 0.000027 seconds.
  path: Assets/YughuesFreeMetalMaterials/Materials/Textures/T_10_Specular.tga
  artifactKey: Guid(03dd414d6373d4e458121278ae3a91e5) Importer(2089858483,0ecaa5967403d082aa24f35e1b516d23)
Start importing Assets/YughuesFreeMetalMaterials/Materials/Textures/T_10_Specular.tga using Guid(03dd414d6373d4e458121278ae3a91e5) Importer(2089858483,0ecaa5967403d082aa24f35e1b516d23) Generated GUIDs only implemented for interfaces!
 -> (artifact id: 'e832a1c936f5114b73e841a3bc9a868c') in 0.020651 seconds 
========================================================================
Received Import Request.
  Time since last request: 0.000019 seconds.
  path: Assets/YughuesFreeMetalMaterials/Materials/M_YFMM_26.mat
  artifactKey: Guid(d114cde0600508c4f9eed72b935654e6) Importer(2089858483,0ecaa5967403d082aa24f35e1b516d23)
Start importing Assets/YughuesFreeMetalMaterials/Materials/M_YFMM_26.mat using Guid(d114cde0600508c4f9eed72b935654e6) Importer(2089858483,0ecaa5967403d082aa24f35e1b516d23) Generated GUIDs only implemented for interfaces!
 -> (artifact id: '0ca4395f768bb2c31934e1d4b2d6acef') in 0.015262 seconds 
========================================================================
Received Import Request.
  Time since last request: 0.000047 seconds.
  path: Assets/YughuesFreeMetalMaterials/Materials/M_YFMM_33.mat
  artifactKey: Guid(2d4eb4632ff89504084de124ceedf2e4) Importer(2089858483,0ecaa5967403d082aa24f35e1b516d23)
Start importing Assets/YughuesFreeMetalMaterials/Materials/M_YFMM_33.mat using Guid(2d4eb4632ff89504084de124ceedf2e4) Importer(2089858483,0ecaa5967403d082aa24f35e1b516d23) Generated GUIDs only implemented for interfaces!
 -> (artifact id: 'e40ae2ba98f8b61adbea3d2d7de65a60') in 0.017294 seconds 
========================================================================
Received Import Request.
  Time since last request: 0.000029 seconds.
  path: Assets/YughuesFreeMetalMaterials/Materials/Textures/T_25_Specular.tga
  artifactKey: Guid(bd234f8d2756b7848b2423a3f99231cd) Importer(2089858483,0ecaa5967403d082aa24f35e1b516d23)
Start importing Assets/YughuesFreeMetalMaterials/Materials/Textures/T_25_Specular.tga using Guid(bd234f8d2756b7848b2423a3f99231cd) Importer(2089858483,0ecaa5967403d082aa24f35e1b516d23) Generated GUIDs only implemented for interfaces!
 -> (artifact id: '3021ea780ca6d6ed51a088b161b6e8c6') in 0.022688 seconds 
========================================================================
Received Import Request.
  Time since last request: 0.000021 seconds.
  path: Assets/YughuesFreeMetalMaterials/Materials/M_YFMM_08.mat
  artifactKey: Guid(ee47644675828514c8b999edaa99ee59) Importer(2089858483,0ecaa5967403d082aa24f35e1b516d23)
Start importing Assets/YughuesFreeMetalMaterials/Materials/M_YFMM_08.mat using Guid(ee47644675828514c8b999edaa99ee59) Importer(2089858483,0ecaa5967403d082aa24f35e1b516d23) Generated GUIDs only implemented for interfaces!
 -> (artifact id: '0f46c35fad8f15a22c91ea3ac8471db2') in 0.017480 seconds 
========================================================================
Received Import Request.
  Time since last request: 0.000032 seconds.
  path: Assets/YughuesFreeMetalMaterials/Materials/M_YFMM_25.mat
  artifactKey: Guid(66bb025986bd66c479f0fe7e007798b0) Importer(2089858483,0ecaa5967403d082aa24f35e1b516d23)
Start importing Assets/YughuesFreeMetalMaterials/Materials/M_YFMM_25.mat using Guid(66bb025986bd66c479f0fe7e007798b0) Importer(2089858483,0ecaa5967403d082aa24f35e1b516d23) Generated GUIDs only implemented for interfaces!
 -> (artifact id: '4274372a145e082538180a012a62002e') in 0.015130 seconds 
========================================================================
Received Import Request.
  Time since last request: 0.000044 seconds.
  path: Assets/YughuesFreeMetalMaterials/Materials/Textures/T_22_Diffuse.tga
  artifactKey: Guid(445cb47871abfa0459e87e16500c10c7) Importer(2089858483,0ecaa5967403d082aa24f35e1b516d23)
Start importing Assets/YughuesFreeMetalMaterials/Materials/Textures/T_22_Diffuse.tga using Guid(445cb47871abfa0459e87e16500c10c7) Importer(2089858483,0ecaa5967403d082aa24f35e1b516d23) Generated GUIDs only implemented for interfaces!
 -> (artifact id: '418983d23a5fdde32b3c37398fe6fa86') in 0.021900 seconds 
========================================================================
Received Import Request.
  Time since last request: 0.000016 seconds.
  path: Assets/YughuesFreeMetalMaterials/Materials/Textures/T_11_Specular.tga
  artifactKey: Guid(26a5a819f3afd984ea4658c19842fc91) Importer(2089858483,0ecaa5967403d082aa24f35e1b516d23)
Start importing Assets/YughuesFreeMetalMaterials/Materials/Textures/T_11_Specular.tga using Guid(26a5a819f3afd984ea4658c19842fc91) Importer(2089858483,0ecaa5967403d082aa24f35e1b516d23) Generated GUIDs only implemented for interfaces!
 -> (artifact id: '862ed5d9cc3ef695ba943e9477911c78') in 0.020879 seconds 
========================================================================
Received Import Request.
  Time since last request: 0.000029 seconds.
  path: Assets/YughuesFreeMetalMaterials/Materials/M_YFMM_37.mat
  artifactKey: Guid(b944d3c9a69fd6142b438414bbddcd4a) Importer(2089858483,0ecaa5967403d082aa24f35e1b516d23)
Start importing Assets/YughuesFreeMetalMaterials/Materials/M_YFMM_37.mat using Guid(b944d3c9a69fd6142b438414bbddcd4a) Importer(2089858483,0ecaa5967403d082aa24f35e1b516d23) Generated GUIDs only implemented for interfaces!
 -> (artifact id: '84b46d395ab67e7749f642d684c216fa') in 0.017829 seconds 
========================================================================
Received Import Request.
  Time since last request: 0.000021 seconds.
  path: Assets/YughuesFreeMetalMaterials/Materials/Textures/T_30_Diffuse.tga
  artifactKey: Guid(6612a81492f80c143801fcb059874cea) Importer(2089858483,0ecaa5967403d082aa24f35e1b516d23)
Start importing Assets/YughuesFreeMetalMaterials/Materials/Textures/T_30_Diffuse.tga using Guid(6612a81492f80c143801fcb059874cea) Importer(2089858483,0ecaa5967403d082aa24f35e1b516d23) Generated GUIDs only implemented for interfaces!
 -> (artifact id: 'bb517ac618247d0459a92ef984e58d49') in 0.020290 seconds 
========================================================================
Received Import Request.
  Time since last request: 0.000026 seconds.
  path: Assets/YughuesFreeMetalMaterials/Materials/M_YFMM_12.mat
  artifactKey: Guid(d6e7475a477721949a7fa2353ffb7e32) Importer(2089858483,0ecaa5967403d082aa24f35e1b516d23)
Start importing Assets/YughuesFreeMetalMaterials/Materials/M_YFMM_12.mat using Guid(d6e7475a477721949a7fa2353ffb7e32) Importer(2089858483,0ecaa5967403d082aa24f35e1b516d23) Generated GUIDs only implemented for interfaces!
 -> (artifact id: 'aa02afde5e1bed73d79691c8e1697051') in 0.023654 seconds 
========================================================================
Received Import Request.
  Time since last request: 0.000021 seconds.
  path: Assets/YughuesFreeMetalMaterials/Materials/M_YFMM_19.mat
  artifactKey: Guid(c1039856c953f6143b366284c53ece75) Importer(2089858483,0ecaa5967403d082aa24f35e1b516d23)
Start importing Assets/YughuesFreeMetalMaterials/Materials/M_YFMM_19.mat using Guid(c1039856c953f6143b366284c53ece75) Importer(2089858483,0ecaa5967403d082aa24f35e1b516d23) Generated GUIDs only implemented for interfaces!
 -> (artifact id: 'b8e8da7dbfa7cb4f6d1223272ed9f030') in 0.016102 seconds 
========================================================================
Received Import Request.
  Time since last request: 0.000022 seconds.
  path: Assets/YughuesFreeMetalMaterials/Materials/Textures/T_32_Diffuse.tga
  artifactKey: Guid(ca4ea6523c57b804492b6ea25083411b) Importer(2089858483,0ecaa5967403d082aa24f35e1b516d23)
Start importing Assets/YughuesFreeMetalMaterials/Materials/Textures/T_32_Diffuse.tga using Guid(ca4ea6523c57b804492b6ea25083411b) Importer(2089858483,0ecaa5967403d082aa24f35e1b516d23) Generated GUIDs only implemented for interfaces!
 -> (artifact id: 'b93fd47db97352bccaaa63bb56c18282') in 0.021893 seconds 
========================================================================
Received Import Request.
  Time since last request: 0.000050 seconds.
  path: Assets/YughuesFreeMetalMaterials/Materials/Textures/T_39_Diffuse.tga
  artifactKey: Guid(858edb10117ddc24a805151cb8bb53ff) Importer(2089858483,0ecaa5967403d082aa24f35e1b516d23)
Start importing Assets/YughuesFreeMetalMaterials/Materials/Textures/T_39_Diffuse.tga using Guid(858edb10117ddc24a805151cb8bb53ff) Importer(2089858483,0ecaa5967403d082aa24f35e1b516d23) Generated GUIDs only implemented for interfaces!
 -> (artifact id: '6143ad5d76043ff7038c863dea0452f0') in 0.019747 seconds 
========================================================================
Received Import Request.
  Time since last request: 0.000021 seconds.
  path: Assets/YughuesFreeMetalMaterials/Materials/Textures/T_23_Normal.tga
  artifactKey: Guid(1fb10c5603038a24abb2ccad745574c6) Importer(2089858483,0ecaa5967403d082aa24f35e1b516d23)
Start importing Assets/YughuesFreeMetalMaterials/Materials/Textures/T_23_Normal.tga using Guid(1fb10c5603038a24abb2ccad745574c6) Importer(2089858483,0ecaa5967403d082aa24f35e1b516d23) Generated GUIDs only implemented for interfaces!
 -> (artifact id: '68cddb831209428f9a7f2f6938f93b43') in 0.019178 seconds 
========================================================================
Received Import Request.
  Time since last request: 0.000028 seconds.
  path: Assets/YughuesFreeMetalMaterials/Materials/M_YFMM_23.mat
  artifactKey: Guid(294b00804ed584d4ab6b6ea04153afdb) Importer(2089858483,0ecaa5967403d082aa24f35e1b516d23)
Start importing Assets/YughuesFreeMetalMaterials/Materials/M_YFMM_23.mat using Guid(294b00804ed584d4ab6b6ea04153afdb) Importer(2089858483,0ecaa5967403d082aa24f35e1b516d23) Generated GUIDs only implemented for interfaces!
 -> (artifact id: '04edb42cca7edb8b4fc4ff9b5e41bf55') in 0.017730 seconds 
========================================================================
Received Import Request.
  Time since last request: 0.000062 seconds.
  path: Assets/YughuesFreeMetalMaterials/Materials/Textures/T_21_Normal.tga
  artifactKey: Guid(e467b527fd3204a4292b9afadb018f4a) Importer(2089858483,0ecaa5967403d082aa24f35e1b516d23)
Start importing Assets/YughuesFreeMetalMaterials/Materials/Textures/T_21_Normal.tga using Guid(e467b527fd3204a4292b9afadb018f4a) Importer(2089858483,0ecaa5967403d082aa24f35e1b516d23) Generated GUIDs only implemented for interfaces!
 -> (artifact id: '1d6bc22b76ea9006d59b5d89d23901bf') in 0.021552 seconds 
========================================================================
Received Import Request.
  Time since last request: 0.000028 seconds.
  path: Assets/YughuesFreeMetalMaterials/Materials/Textures
  artifactKey: Guid(1e920fb1b107c1d4d9e5864c1a3e5055) Importer(2089858483,0ecaa5967403d082aa24f35e1b516d23)
Start importing Assets/YughuesFreeMetalMaterials/Materials/Textures using Guid(1e920fb1b107c1d4d9e5864c1a3e5055) Importer(2089858483,0ecaa5967403d082aa24f35e1b516d23) Generated GUIDs only implemented for interfaces!
 -> (artifact id: 'c3127e3b0ee0afd916a7a3012c8202eb') in 0.010020 seconds 
========================================================================
Received Import Request.
  Time since last request: 0.000021 seconds.
  path: Assets/YughuesFreeMetalMaterials/Materials/Textures/T_33_Diffuse.tga
  artifactKey: Guid(3616af53dd0659648b71cb468bf03d44) Importer(2089858483,0ecaa5967403d082aa24f35e1b516d23)
Start importing Assets/YughuesFreeMetalMaterials/Materials/Textures/T_33_Diffuse.tga using Guid(3616af53dd0659648b71cb468bf03d44) Importer(2089858483,0ecaa5967403d082aa24f35e1b516d23) Generated GUIDs only implemented for interfaces!
 -> (artifact id: 'd3a64c3d0289b0e4e2823f16cd022ce4') in 0.022436 seconds 
========================================================================
Received Import Request.
  Time since last request: 0.000020 seconds.
  path: Assets/YughuesFreeMetalMaterials/Materials/Textures/T_27_Normal.tga
  artifactKey: Guid(32f6012cc48ae0b4899021bb4a03a8da) Importer(2089858483,0ecaa5967403d082aa24f35e1b516d23)
Start importing Assets/YughuesFreeMetalMaterials/Materials/Textures/T_27_Normal.tga using Guid(32f6012cc48ae0b4899021bb4a03a8da) Importer(2089858483,0ecaa5967403d082aa24f35e1b516d23) Generated GUIDs only implemented for interfaces!
 -> (artifact id: 'dc250d1e2491a8b453df994dcc967973') in 0.021786 seconds 
========================================================================
Received Import Request.
  Time since last request: 0.000015 seconds.
  path: Assets/YughuesFreeMetalMaterials/Materials/Textures/T_37_Specular.tga
  artifactKey: Guid(0182e461824e4f54798ad0a99fdd7f72) Importer(2089858483,0ecaa5967403d082aa24f35e1b516d23)
Start importing Assets/YughuesFreeMetalMaterials/Materials/Textures/T_37_Specular.tga using Guid(0182e461824e4f54798ad0a99fdd7f72) Importer(2089858483,0ecaa5967403d082aa24f35e1b516d23) Generated GUIDs only implemented for interfaces!
 -> (artifact id: 'abdb984afca9b06bfcdd1176e78bbc20') in 0.021447 seconds 
========================================================================
Received Import Request.
  Time since last request: 0.000015 seconds.
  path: Assets/YughuesFreeMetalMaterials/Materials/Textures/T_38_Normal.tga
  artifactKey: Guid(ff112d4d8095778409870405738d14f6) Importer(2089858483,0ecaa5967403d082aa24f35e1b516d23)
Start importing Assets/YughuesFreeMetalMaterials/Materials/Textures/T_38_Normal.tga using Guid(ff112d4d8095778409870405738d14f6) Importer(2089858483,0ecaa5967403d082aa24f35e1b516d23) Generated GUIDs only implemented for interfaces!
 -> (artifact id: '5c01ca8d0923d98085f23daef1cb1efb') in 0.020182 seconds 
========================================================================
Received Import Request.
  Time since last request: 0.000014 seconds.
  path: Assets/YughuesFreeMetalMaterials/Materials/Textures/T_18_Specular.tga
  artifactKey: Guid(7ff2b9825ec83cf4e9225113a0b09455) Importer(2089858483,0ecaa5967403d082aa24f35e1b516d23)
Start importing Assets/YughuesFreeMetalMaterials/Materials/Textures/T_18_Specular.tga using Guid(7ff2b9825ec83cf4e9225113a0b09455) Importer(2089858483,0ecaa5967403d082aa24f35e1b516d23) Generated GUIDs only implemented for interfaces!
 -> (artifact id: 'de8a93bebe427cd62821e4d107d8351a') in 0.022502 seconds 
========================================================================
Received Import Request.
  Time since last request: 0.000016 seconds.
  path: Assets/YughuesFreeMetalMaterials/Materials/M_YFMM_24.mat
  artifactKey: Guid(af089ba3f236b004fb2bb64119f294d8) Importer(2089858483,0ecaa5967403d082aa24f35e1b516d23)
Start importing Assets/YughuesFreeMetalMaterials/Materials/M_YFMM_24.mat using Guid(af089ba3f236b004fb2bb64119f294d8) Importer(2089858483,0ecaa5967403d082aa24f35e1b516d23) Generated GUIDs only implemented for interfaces!
 -> (artifact id: 'eb801766a94d122f33ee447bf0197ba6') in 0.063140 seconds 
========================================================================
Received Import Request.
  Time since last request: 0.000021 seconds.
  path: Assets/YughuesFreeMetalMaterials/Materials/Textures/T_12_Emissive.tga
  artifactKey: Guid(2d0a4c78ea142244cbf9957397b75d7a) Importer(2089858483,0ecaa5967403d082aa24f35e1b516d23)
Start importing Assets/YughuesFreeMetalMaterials/Materials/Textures/T_12_Emissive.tga using Guid(2d0a4c78ea142244cbf9957397b75d7a) Importer(2089858483,0ecaa5967403d082aa24f35e1b516d23) Generated GUIDs only implemented for interfaces!
 -> (artifact id: '144179df8da2109f734d87aebccccdd8') in 0.021784 seconds 
========================================================================
Received Import Request.
  Time since last request: 0.000027 seconds.
  path: Assets/YughuesFreeMetalMaterials/Materials/Textures/T_11_Normal.tga
  artifactKey: Guid(f75108035af3d8a4390bfe96a3342a2f) Importer(2089858483,0ecaa5967403d082aa24f35e1b516d23)
Start importing Assets/YughuesFreeMetalMaterials/Materials/Textures/T_11_Normal.tga using Guid(f75108035af3d8a4390bfe96a3342a2f) Importer(2089858483,0ecaa5967403d082aa24f35e1b516d23) Generated GUIDs only implemented for interfaces!
 -> (artifact id: '043ad733c5f0ab468717d13c7d12147f') in 0.019770 seconds 
========================================================================
Received Import Request.
  Time since last request: 0.000022 seconds.
  path: Assets/YughuesFreeMetalMaterials/Materials/Textures/T_35_Specular.tga
  artifactKey: Guid(d5f16c147d28ac84ea736b0c41958bfb) Importer(2089858483,0ecaa5967403d082aa24f35e1b516d23)
Start importing Assets/YughuesFreeMetalMaterials/Materials/Textures/T_35_Specular.tga using Guid(d5f16c147d28ac84ea736b0c41958bfb) Importer(2089858483,0ecaa5967403d082aa24f35e1b516d23) Generated GUIDs only implemented for interfaces!
 -> (artifact id: '25b07b005ada22c9cd774efb6d3b7d0d') in 0.021281 seconds 
========================================================================
Received Import Request.
  Time since last request: 0.000022 seconds.
  path: Assets/YughuesFreeMetalMaterials/Materials/Textures/T_29_Specular.tga
  artifactKey: Guid(e4302bec91d4bb647bc25b8b81f9a9fc) Importer(2089858483,0ecaa5967403d082aa24f35e1b516d23)
Start importing Assets/YughuesFreeMetalMaterials/Materials/Textures/T_29_Specular.tga using Guid(e4302bec91d4bb647bc25b8b81f9a9fc) Importer(2089858483,0ecaa5967403d082aa24f35e1b516d23) Generated GUIDs only implemented for interfaces!
 -> (artifact id: 'f280a04c7053158af8d3f96a94b5eebd') in 0.022731 seconds 
========================================================================
Received Import Request.
  Time since last request: 0.000020 seconds.
  path: Assets/YughuesFreeMetalMaterials/Materials/Textures/T_12_Normal.tga
  artifactKey: Guid(12dee78e6b4fc644fb75f9d19b8b9ba8) Importer(2089858483,0ecaa5967403d082aa24f35e1b516d23)
Start importing Assets/YughuesFreeMetalMaterials/Materials/Textures/T_12_Normal.tga using Guid(12dee78e6b4fc644fb75f9d19b8b9ba8) Importer(2089858483,0ecaa5967403d082aa24f35e1b516d23) Generated GUIDs only implemented for interfaces!
 -> (artifact id: '2c63c1e0e61917fe17aa34f739f7315f') in 0.019373 seconds 
========================================================================
Received Import Request.
  Time since last request: 0.000017 seconds.
  path: Assets/YughuesFreeMetalMaterials/Materials/Textures/T_26_Specular.tga
  artifactKey: Guid(7a69b4259fea3f04fae8f266184826fa) Importer(2089858483,0ecaa5967403d082aa24f35e1b516d23)
Start importing Assets/YughuesFreeMetalMaterials/Materials/Textures/T_26_Specular.tga using Guid(7a69b4259fea3f04fae8f266184826fa) Importer(2089858483,0ecaa5967403d082aa24f35e1b516d23) Generated GUIDs only implemented for interfaces!
 -> (artifact id: '32da18275d67d0feadcad5c0656723b8') in 0.021902 seconds 
========================================================================
Received Import Request.
  Time since last request: 0.000023 seconds.
  path: Assets/YughuesFreeMetalMaterials/Materials/Textures/T_31_Normal.tga
  artifactKey: Guid(79a144edbc721134e96d8c6b78287024) Importer(2089858483,0ecaa5967403d082aa24f35e1b516d23)
Start importing Assets/YughuesFreeMetalMaterials/Materials/Textures/T_31_Normal.tga using Guid(79a144edbc721134e96d8c6b78287024) Importer(2089858483,0ecaa5967403d082aa24f35e1b516d23) Generated GUIDs only implemented for interfaces!
 -> (artifact id: 'b127b1ebd9d6dd2a4ad3fde0648e5daa') in 0.022095 seconds 
========================================================================
Received Import Request.
  Time since last request: 0.000016 seconds.
  path: Assets/YughuesFreeMetalMaterials/Materials/Textures/T_19_Normal.tga
  artifactKey: Guid(22687ef8e4927174589eb342f9d40cd0) Importer(2089858483,0ecaa5967403d082aa24f35e1b516d23)
Start importing Assets/YughuesFreeMetalMaterials/Materials/Textures/T_19_Normal.tga using Guid(22687ef8e4927174589eb342f9d40cd0) Importer(2089858483,0ecaa5967403d082aa24f35e1b516d23) Generated GUIDs only implemented for interfaces!
 -> (artifact id: 'eed121fbe4422e03c04e427610824707') in 0.021985 seconds 
========================================================================
Received Import Request.
  Time since last request: 0.000018 seconds.
  path: Assets/YughuesFreeMetalMaterials/Materials/Textures/T_26_Diffuse.tga
  artifactKey: Guid(f82867d065cf7d141b29809854fc3e1d) Importer(2089858483,0ecaa5967403d082aa24f35e1b516d23)
Start importing Assets/YughuesFreeMetalMaterials/Materials/Textures/T_26_Diffuse.tga using Guid(f82867d065cf7d141b29809854fc3e1d) Importer(2089858483,0ecaa5967403d082aa24f35e1b516d23) Generated GUIDs only implemented for interfaces!
 -> (artifact id: 'fa1aa46c23246529b6c5124c5a61a90c') in 0.020851 seconds 
========================================================================
Received Import Request.
  Time since last request: 0.000021 seconds.
  path: Assets/YughuesFreeMetalMaterials/Materials/Textures/T_36_Diffuse.tga
  artifactKey: Guid(048117a1d65d06446b690db21b8598e1) Importer(2089858483,0ecaa5967403d082aa24f35e1b516d23)
Start importing Assets/YughuesFreeMetalMaterials/Materials/Textures/T_36_Diffuse.tga using Guid(048117a1d65d06446b690db21b8598e1) Importer(2089858483,0ecaa5967403d082aa24f35e1b516d23) Generated GUIDs only implemented for interfaces!
 -> (artifact id: 'cc388a4454ff20e3796efa0d975c8321') in 0.024330 seconds 
========================================================================
Received Import Request.
  Time since last request: 0.000028 seconds.
  path: Assets/YughuesFreeMetalMaterials/Materials/Textures/T_34_Specular.tga
  artifactKey: Guid(fae9099faa12be6468a76d4bcb852bf7) Importer(2089858483,0ecaa5967403d082aa24f35e1b516d23)
Start importing Assets/YughuesFreeMetalMaterials/Materials/Textures/T_34_Specular.tga using Guid(fae9099faa12be6468a76d4bcb852bf7) Importer(2089858483,0ecaa5967403d082aa24f35e1b516d23) Generated GUIDs only implemented for interfaces!
 -> (artifact id: 'b8a2237c75eb7d965e0b58387359907c') in 0.023555 seconds 
========================================================================
Received Import Request.
  Time since last request: 0.000065 seconds.
  path: Assets/YughuesFreeMetalMaterials/Materials/Textures/T_08_Diffuse.tga
  artifactKey: Guid(640ee290d9cbc4b4685c85ef0d50ea60) Importer(2089858483,0ecaa5967403d082aa24f35e1b516d23)
Start importing Assets/YughuesFreeMetalMaterials/Materials/Textures/T_08_Diffuse.tga using Guid(640ee290d9cbc4b4685c85ef0d50ea60) Importer(2089858483,0ecaa5967403d082aa24f35e1b516d23) Generated GUIDs only implemented for interfaces!
 -> (artifact id: '423417c555f8e06f55c3049a4d138538') in 0.022614 seconds 
========================================================================
Received Import Request.
  Time since last request: 0.000022 seconds.
  path: Assets/YughuesFreeMetalMaterials/Materials/Textures/T_08_Specular.tga
  artifactKey: Guid(9e54b7e0308fe894fac37951533a179e) Importer(2089858483,0ecaa5967403d082aa24f35e1b516d23)
Start importing Assets/YughuesFreeMetalMaterials/Materials/Textures/T_08_Specular.tga using Guid(9e54b7e0308fe894fac37951533a179e) Importer(2089858483,0ecaa5967403d082aa24f35e1b516d23) Generated GUIDs only implemented for interfaces!
 -> (artifact id: 'c93db0d2b3433cbe286a6a509f163575') in 0.025445 seconds 
========================================================================
Received Import Request.
  Time since last request: 0.000027 seconds.
  path: Assets/YughuesFreeMetalMaterials/Materials/Textures/T_21_Specular.tga
  artifactKey: Guid(c979550daad02764d983ba90e592ad9d) Importer(2089858483,0ecaa5967403d082aa24f35e1b516d23)
Start importing Assets/YughuesFreeMetalMaterials/Materials/Textures/T_21_Specular.tga using Guid(c979550daad02764d983ba90e592ad9d) Importer(2089858483,0ecaa5967403d082aa24f35e1b516d23) Generated GUIDs only implemented for interfaces!
 -> (artifact id: 'd2e0885ad4b0418fecb7796c3bf55bb9') in 0.031134 seconds 
========================================================================
Received Import Request.
  Time since last request: 0.000036 seconds.
  path: Assets/YughuesFreeMetalMaterials/Materials/Textures/T_19_Diffuse.tga
  artifactKey: Guid(ef882f7a63423bf4896b9f58e236acf9) Importer(2089858483,0ecaa5967403d082aa24f35e1b516d23)
Start importing Assets/YughuesFreeMetalMaterials/Materials/Textures/T_19_Diffuse.tga using Guid(ef882f7a63423bf4896b9f58e236acf9) Importer(2089858483,0ecaa5967403d082aa24f35e1b516d23) Generated GUIDs only implemented for interfaces!
 -> (artifact id: '46f85b3fc59e833cc90b9ac8896e6236') in 0.020627 seconds 
========================================================================
Received Import Request.
  Time since last request: 0.000021 seconds.
  path: Assets/YughuesFreeMetalMaterials/Materials/Textures/T_24_Specular.tga
  artifactKey: Guid(48be6ed832adba94999829854028da95) Importer(2089858483,0ecaa5967403d082aa24f35e1b516d23)
Start importing Assets/YughuesFreeMetalMaterials/Materials/Textures/T_24_Specular.tga using Guid(48be6ed832adba94999829854028da95) Importer(2089858483,0ecaa5967403d082aa24f35e1b516d23) Generated GUIDs only implemented for interfaces!
 -> (artifact id: 'bdb0c68b1eae04324182a3855eae523d') in 0.025969 seconds 
========================================================================
Received Import Request.
  Time since last request: 0.000029 seconds.
  path: Assets/YughuesFreeMetalMaterials/Materials/Textures/T_38_Specular.tga
  artifactKey: Guid(31da0e9d4e721be4ca16edb93d39a93d) Importer(2089858483,0ecaa5967403d082aa24f35e1b516d23)
Start importing Assets/YughuesFreeMetalMaterials/Materials/Textures/T_38_Specular.tga using Guid(31da0e9d4e721be4ca16edb93d39a93d) Importer(2089858483,0ecaa5967403d082aa24f35e1b516d23) Generated GUIDs only implemented for interfaces!
 -> (artifact id: '9caa8e66ae3a460b68ddabdd50af7c28') in 0.021257 seconds 
========================================================================
Received Import Request.
  Time since last request: 0.000033 seconds.
  path: Assets/YughuesFreeMetalMaterials/Materials/Textures/T_28_Specular.tga
  artifactKey: Guid(d86c80ae03435124fbf96fd0e9882016) Importer(2089858483,0ecaa5967403d082aa24f35e1b516d23)
Start importing Assets/YughuesFreeMetalMaterials/Materials/Textures/T_28_Specular.tga using Guid(d86c80ae03435124fbf96fd0e9882016) Importer(2089858483,0ecaa5967403d082aa24f35e1b516d23) Generated GUIDs only implemented for interfaces!
 -> (artifact id: 'dee6d446242245a81d71cc0c870c0b95') in 0.020785 seconds 
========================================================================
Received Import Request.
  Time since last request: 0.000019 seconds.
  path: Assets/YughuesFreeMetalMaterials/Materials/Textures/T_15_Specular.tga
  artifactKey: Guid(ac2f27c4fb9eb8640bf13f478c6b89ee) Importer(2089858483,0ecaa5967403d082aa24f35e1b516d23)
Start importing Assets/YughuesFreeMetalMaterials/Materials/Textures/T_15_Specular.tga using Guid(ac2f27c4fb9eb8640bf13f478c6b89ee) Importer(2089858483,0ecaa5967403d082aa24f35e1b516d23) Generated GUIDs only implemented for interfaces!
 -> (artifact id: '96a0a09c07603ce8196bf0568097febf') in 0.022387 seconds 
========================================================================
Received Import Request.
  Time since last request: 0.000036 seconds.
  path: Assets/YughuesFreeMetalMaterials/Materials/M_YFMM_32.mat
  artifactKey: Guid(808e5bc0f76962c459361fe60e2d29ec) Importer(2089858483,0ecaa5967403d082aa24f35e1b516d23)
Start importing Assets/YughuesFreeMetalMaterials/Materials/M_YFMM_32.mat using Guid(808e5bc0f76962c459361fe60e2d29ec) Importer(2089858483,0ecaa5967403d082aa24f35e1b516d23) Generated GUIDs only implemented for interfaces!
 -> (artifact id: 'b8ad46e3f4e6be982504d3e8fab5f7b5') in 0.015690 seconds 
========================================================================
Received Import Request.
  Time since last request: 0.000029 seconds.
  path: Assets/YughuesFreeMetalMaterials/Materials/Textures/T_45_Diffuse.tga
  artifactKey: Guid(5ace3a704151e184d97d59ad71f393fd) Importer(2089858483,0ecaa5967403d082aa24f35e1b516d23)
Start importing Assets/YughuesFreeMetalMaterials/Materials/Textures/T_45_Diffuse.tga using Guid(5ace3a704151e184d97d59ad71f393fd) Importer(2089858483,0ecaa5967403d082aa24f35e1b516d23) Generated GUIDs only implemented for interfaces!
 -> (artifact id: 'bbf9097a8ded3c8ee3832600b89f588e') in 0.020427 seconds 
========================================================================
Received Import Request.
  Time since last request: 0.000018 seconds.
  path: Assets/YughuesFreeMetalMaterials/Materials/Textures/T_24_Normal.tga
  artifactKey: Guid(33416e1c35bc9b148a8bf942e484c86e) Importer(2089858483,0ecaa5967403d082aa24f35e1b516d23)
Start importing Assets/YughuesFreeMetalMaterials/Materials/Textures/T_24_Normal.tga using Guid(33416e1c35bc9b148a8bf942e484c86e) Importer(2089858483,0ecaa5967403d082aa24f35e1b516d23) Generated GUIDs only implemented for interfaces!
 -> (artifact id: 'f3242321f953f14d611662f42163c672') in 0.022238 seconds 
========================================================================
Received Import Request.
  Time since last request: 0.000017 seconds.
  path: Assets/YughuesFreeMetalMaterials/Materials/Textures/T_21_Diffuse.tga
  artifactKey: Guid(65c44c9418dce2e4e966f8fb196d64db) Importer(2089858483,0ecaa5967403d082aa24f35e1b516d23)
Start importing Assets/YughuesFreeMetalMaterials/Materials/Textures/T_21_Diffuse.tga using Guid(65c44c9418dce2e4e966f8fb196d64db) Importer(2089858483,0ecaa5967403d082aa24f35e1b516d23) Generated GUIDs only implemented for interfaces!
 -> (artifact id: '15c1f60fab79191158c701062c073e5f') in 0.019371 seconds 
========================================================================
Received Import Request.
  Time since last request: 19.080022 seconds.
  path: Assets/Textures/patchy_cement1_Unity
  artifactKey: Guid(ccc604a9b76508347a27295681c36ae3) Importer(815301076,1909f56bfc062723c751e8b465ee728b)
Start importing Assets/Textures/patchy_cement1_Unity using Guid(ccc604a9b76508347a27295681c36ae3) Importer(815301076,1909f56bfc062723c751e8b465ee728b)  -> (artifact id: '0f5bbdc23b3cf0dacfc0450b06f9f537') in 0.006851 seconds 
========================================================================
Received Import Request.
  Time since last request: 0.078902 seconds.
  path: Assets/Textures/patchy_cement1_Unity/patchy_cement1_Ambient_Occlusion.png
  artifactKey: Guid(7893cff50b87bbc418a55df2d2ebae66) Importer(815301076,1909f56bfc062723c751e8b465ee728b)
Start importing Assets/Textures/patchy_cement1_Unity/patchy_cement1_Ambient_Occlusion.png using Guid(7893cff50b87bbc418a55df2d2ebae66) Importer(815301076,1909f56bfc062723c751e8b465ee728b)  -> (artifact id: 'c868eb43b3b3c4cd2ed3c03f49721d5e') in 0.021631 seconds 
========================================================================
Received Import Request.
  Time since last request: 4.715426 seconds.
  path: Assets/Textures/beaten-up-metal1-unity
  artifactKey: Guid(6bf88d97e92836b4b96f385017331075) Importer(815301076,1909f56bfc062723c751e8b465ee728b)
Start importing Assets/Textures/beaten-up-metal1-unity using Guid(6bf88d97e92836b4b96f385017331075) Importer(815301076,1909f56bfc062723c751e8b465ee728b)  -> (artifact id: '622205c4b98d9bec86f7c33a6fae2097') in 0.006752 seconds 
========================================================================
Received Import Request.
  Time since last request: 0.058274 seconds.
  path: Assets/Textures/beaten-up-metal1-unity/beaten-up-metal1-albedo.png
  artifactKey: Guid(0ab240afbce93974f90a73ec70587a86) Importer(815301076,1909f56bfc062723c751e8b465ee728b)
Start importing Assets/Textures/beaten-up-metal1-unity/beaten-up-metal1-albedo.png using Guid(0ab240afbce93974f90a73ec70587a86) Importer(815301076,1909f56bfc062723c751e8b465ee728b)  -> (artifact id: '347b0240db457b1b24f32a89a850d2bf') in 0.019751 seconds 
========================================================================
Received Import Request.
  Time since last request: 0.000020 seconds.
  path: Assets/Textures/beaten-up-metal1-unity/beaten-up-metal1-Normal-ogl.png
  artifactKey: Guid(434d640b2bd9b7b44bd0e2287d48bcfa) Importer(815301076,1909f56bfc062723c751e8b465ee728b)
Start importing Assets/Textures/beaten-up-metal1-unity/beaten-up-metal1-Normal-ogl.png using Guid(434d640b2bd9b7b44bd0e2287d48bcfa) Importer(815301076,1909f56bfc062723c751e8b465ee728b)  -> (artifact id: '4b3f78b2d00f1f97af63b293479615fd') in 0.014196 seconds 
========================================================================
Received Import Request.
  Time since last request: 12.470875 seconds.
  path: Assets/YughuesFreeMetalMaterials
  artifactKey: Guid(ff0144653815de347b87f1264858a885) Importer(815301076,1909f56bfc062723c751e8b465ee728b)
Start importing Assets/YughuesFreeMetalMaterials using Guid(ff0144653815de347b87f1264858a885) Importer(815301076,1909f56bfc062723c751e8b465ee728b)  -> (artifact id: 'bb6836e9891b2544f91ec58d675d6ed3') in 0.007207 seconds 
========================================================================
Received Import Request.
  Time since last request: 0.964364 seconds.
  path: Assets/YughuesFreeMetalMaterials/Materials
  artifactKey: Guid(de0b1e1055a5fcd4d9f7d435bf9d531a) Importer(815301076,1909f56bfc062723c751e8b465ee728b)
Start importing Assets/YughuesFreeMetalMaterials/Materials using Guid(de0b1e1055a5fcd4d9f7d435bf9d531a) Importer(815301076,1909f56bfc062723c751e8b465ee728b)  -> (artifact id: '5e4e399aa8e64e3b132105a7699ee588') in 0.005870 seconds 
========================================================================
Received Import Request.
  Time since last request: 0.051460 seconds.
  path: Assets/YughuesFreeMetalMaterials/Materials/M_YFMM_08.mat
  artifactKey: Guid(ee47644675828514c8b999edaa99ee59) Importer(815301076,1909f56bfc062723c751e8b465ee728b)
Start importing Assets/YughuesFreeMetalMaterials/Materials/M_YFMM_08.mat using Guid(ee47644675828514c8b999edaa99ee59) Importer(815301076,1909f56bfc062723c751e8b465ee728b)  -> (artifact id: '5b1ce2f25d55898c0c1dbc15b0b70fc7') in 0.226462 seconds 
========================================================================
Received Import Request.
  Time since last request: 0.000017 seconds.
  path: Assets/YughuesFreeMetalMaterials/Materials/M_YFMM_33.mat
  artifactKey: Guid(2d4eb4632ff89504084de124ceedf2e4) Importer(815301076,1909f56bfc062723c751e8b465ee728b)
Start importing Assets/YughuesFreeMetalMaterials/Materials/M_YFMM_33.mat using Guid(2d4eb4632ff89504084de124ceedf2e4) Importer(815301076,1909f56bfc062723c751e8b465ee728b)  -> (artifact id: 'cb8807bfa49f0ea289483bd5444e72ed') in 0.013732 seconds 
========================================================================
Received Import Request.
  Time since last request: 0.000020 seconds.
  path: Assets/YughuesFreeMetalMaterials/Materials/M_YFMM_35.mat
  artifactKey: Guid(9607862bf90553342b6c7a1e3d273805) Importer(815301076,1909f56bfc062723c751e8b465ee728b)
Start importing Assets/YughuesFreeMetalMaterials/Materials/M_YFMM_35.mat using Guid(9607862bf90553342b6c7a1e3d273805) Importer(815301076,1909f56bfc062723c751e8b465ee728b)  -> (artifact id: '8b8f3e37e3c5d9cc66eaa14d11fbc1d9') in 0.013606 seconds 
========================================================================
Received Import Request.
  Time since last request: 0.000014 seconds.
  path: Assets/YughuesFreeMetalMaterials/Materials/M_YFMM_34.mat
  artifactKey: Guid(4a2abd4f67aefc24b9c6cca2d197adc7) Importer(815301076,1909f56bfc062723c751e8b465ee728b)
Start importing Assets/YughuesFreeMetalMaterials/Materials/M_YFMM_34.mat using Guid(4a2abd4f67aefc24b9c6cca2d197adc7) Importer(815301076,1909f56bfc062723c751e8b465ee728b)  -> (artifact id: 'ca69f90a323b5bfabfd283cabbd3374c') in 0.012339 seconds 
========================================================================
Received Import Request.
  Time since last request: 0.000017 seconds.
  path: Assets/YughuesFreeMetalMaterials/Materials/M_YFMM_45.mat
  artifactKey: Guid(b371f36f272eff140b69e5a5410cd2bd) Importer(815301076,1909f56bfc062723c751e8b465ee728b)
Start importing Assets/YughuesFreeMetalMaterials/Materials/M_YFMM_45.mat using Guid(b371f36f272eff140b69e5a5410cd2bd) Importer(815301076,1909f56bfc062723c751e8b465ee728b)  -> (artifact id: '771d460799d46fdced3773d0e942912d') in 0.013279 seconds 
========================================================================
Received Import Request.
  Time since last request: 0.000015 seconds.
  path: Assets/YughuesFreeMetalMaterials/Materials/M_YFMM_23.mat
  artifactKey: Guid(294b00804ed584d4ab6b6ea04153afdb) Importer(815301076,1909f56bfc062723c751e8b465ee728b)
Start importing Assets/YughuesFreeMetalMaterials/Materials/M_YFMM_23.mat using Guid(294b00804ed584d4ab6b6ea04153afdb) Importer(815301076,1909f56bfc062723c751e8b465ee728b)  -> (artifact id: '1509e999355f3cbb1cbdbb673c1d6c1c') in 0.015339 seconds 
========================================================================
Received Import Request.
  Time since last request: 0.000017 seconds.
  path: Assets/YughuesFreeMetalMaterials/Materials/M_YFMM_32.mat
  artifactKey: Guid(808e5bc0f76962c459361fe60e2d29ec) Importer(815301076,1909f56bfc062723c751e8b465ee728b)
Start importing Assets/YughuesFreeMetalMaterials/Materials/M_YFMM_32.mat using Guid(808e5bc0f76962c459361fe60e2d29ec) Importer(815301076,1909f56bfc062723c751e8b465ee728b)  -> (artifact id: '410d82fff93473f1490b938e002c25a6') in 0.017663 seconds 
========================================================================
Received Import Request.
  Time since last request: 0.000028 seconds.
  path: Assets/YughuesFreeMetalMaterials/Materials/M_YFMM_24.mat
  artifactKey: Guid(af089ba3f236b004fb2bb64119f294d8) Importer(815301076,1909f56bfc062723c751e8b465ee728b)
Start importing Assets/YughuesFreeMetalMaterials/Materials/M_YFMM_24.mat using Guid(af089ba3f236b004fb2bb64119f294d8) Importer(815301076,1909f56bfc062723c751e8b465ee728b)  -> (artifact id: 'ece6d8078ff3f6ce097d8dd199ba734a') in 0.228268 seconds 
========================================================================
Received Import Request.
  Time since last request: 31.589903 seconds.
  path: Assets/Materials/YughuesFreeMetalMaterials/Materials/Textures
  artifactKey: Guid(1e920fb1b107c1d4d9e5864c1a3e5055) Importer(2089858483,0ecaa5967403d082aa24f35e1b516d23)
Start importing Assets/Materials/YughuesFreeMetalMaterials/Materials/Textures using Guid(1e920fb1b107c1d4d9e5864c1a3e5055) Importer(2089858483,0ecaa5967403d082aa24f35e1b516d23) Generated GUIDs only implemented for interfaces!
 -> (artifact id: '5228f6b69abd604dace8cfae98dd0f49') in 0.007912 seconds 
========================================================================
Received Import Request.
  Time since last request: 0.000019 seconds.
  path: Assets/Materials/YughuesFreeMetalMaterials/Materials/Textures/T_12_Specular.tga
  artifactKey: Guid(d72611aa5c8088f4eb634a6f1178acd5) Importer(2089858483,0ecaa5967403d082aa24f35e1b516d23)
Start importing Assets/Materials/YughuesFreeMetalMaterials/Materials/Textures/T_12_Specular.tga using Guid(d72611aa5c8088f4eb634a6f1178acd5) Importer(2089858483,0ecaa5967403d082aa24f35e1b516d23) Generated GUIDs only implemented for interfaces!
 -> (artifact id: 'b8164d6476b2fb5ee1d6b7ec4bf1fd16') in 0.020144 seconds 
========================================================================
Received Import Request.
  Time since last request: 0.000053 seconds.
  path: Assets/Materials/YughuesFreeMetalMaterials/Materials/M_YFMM_39.mat
  artifactKey: Guid(89b53b6902b0ec14baa1599e1c68d643) Importer(2089858483,0ecaa5967403d082aa24f35e1b516d23)
Start importing Assets/Materials/YughuesFreeMetalMaterials/Materials/M_YFMM_39.mat using Guid(89b53b6902b0ec14baa1599e1c68d643) Importer(2089858483,0ecaa5967403d082aa24f35e1b516d23) Generated GUIDs only implemented for interfaces!
 -> (artifact id: '522c9e88c17fdb31ae4ccf3167768f4f') in 0.015131 seconds 
========================================================================
Received Import Request.
  Time since last request: 0.000024 seconds.
  path: Assets/Materials/YughuesFreeMetalMaterials/Materials/M_YFMM_36.mat
  artifactKey: Guid(9b8a78dbb8e688e468daf2da07cf93b6) Importer(2089858483,0ecaa5967403d082aa24f35e1b516d23)
Start importing Assets/Materials/YughuesFreeMetalMaterials/Materials/M_YFMM_36.mat using Guid(9b8a78dbb8e688e468daf2da07cf93b6) Importer(2089858483,0ecaa5967403d082aa24f35e1b516d23) Generated GUIDs only implemented for interfaces!
 -> (artifact id: '1acc6c3128db5ecf385c3fce8f1c7e7b') in 0.014873 seconds 
========================================================================
Received Import Request.
  Time since last request: 0.000021 seconds.
  path: Assets/Materials/YughuesFreeMetalMaterials/Materials/Textures/T_26_Normal.tga
  artifactKey: Guid(a5a6e3521459fc94e9bd621c71bd96af) Importer(2089858483,0ecaa5967403d082aa24f35e1b516d23)
Start importing Assets/Materials/YughuesFreeMetalMaterials/Materials/Textures/T_26_Normal.tga using Guid(a5a6e3521459fc94e9bd621c71bd96af) Importer(2089858483,0ecaa5967403d082aa24f35e1b516d23) Generated GUIDs only implemented for interfaces!
 -> (artifact id: '5777bdafe1f6e908079af2f06045e7f1') in 0.021925 seconds 
========================================================================
Received Import Request.
  Time since last request: 0.000054 seconds.
  path: Assets/Materials/YughuesFreeMetalMaterials/Materials/Textures/T_19_Specular.tga
  artifactKey: Guid(edad444768045b242afcceaa7d352ffb) Importer(2089858483,0ecaa5967403d082aa24f35e1b516d23)
Start importing Assets/Materials/YughuesFreeMetalMaterials/Materials/Textures/T_19_Specular.tga using Guid(edad444768045b242afcceaa7d352ffb) Importer(2089858483,0ecaa5967403d082aa24f35e1b516d23) Generated GUIDs only implemented for interfaces!
 -> (artifact id: '1ec5cc27ed7ffb0f426d28b990dda1e3') in 0.019955 seconds 
========================================================================
Received Import Request.
  Time since last request: 0.000022 seconds.
  path: Assets/Materials/YughuesFreeMetalMaterials/Materials/M_YFMM_26.mat
  artifactKey: Guid(d114cde0600508c4f9eed72b935654e6) Importer(2089858483,0ecaa5967403d082aa24f35e1b516d23)
Start importing Assets/Materials/YughuesFreeMetalMaterials/Materials/M_YFMM_26.mat using Guid(d114cde0600508c4f9eed72b935654e6) Importer(2089858483,0ecaa5967403d082aa24f35e1b516d23) Generated GUIDs only implemented for interfaces!
 -> (artifact id: '950fffcdb040f86e65b7cc2b51dbc9c4') in 0.016658 seconds 
========================================================================
Received Import Request.
  Time since last request: 0.000027 seconds.
  path: Assets/Materials/YughuesFreeMetalMaterials/Materials/M_YFMM_33.mat
  artifactKey: Guid(2d4eb4632ff89504084de124ceedf2e4) Importer(2089858483,0ecaa5967403d082aa24f35e1b516d23)
Start importing Assets/Materials/YughuesFreeMetalMaterials/Materials/M_YFMM_33.mat using Guid(2d4eb4632ff89504084de124ceedf2e4) Importer(2089858483,0ecaa5967403d082aa24f35e1b516d23) Generated GUIDs only implemented for interfaces!
 -> (artifact id: '8204acfdd5133d7e0eefa57792c8690e') in 0.015461 seconds 
========================================================================
Received Import Request.
  Time since last request: 0.000043 seconds.
  path: Assets/Materials/YughuesFreeMetalMaterials/Materials/M_YFMM_21.mat
  artifactKey: Guid(d690ce46b58f6704caed1ffbff694459) Importer(2089858483,0ecaa5967403d082aa24f35e1b516d23)
Start importing Assets/Materials/YughuesFreeMetalMaterials/Materials/M_YFMM_21.mat using Guid(d690ce46b58f6704caed1ffbff694459) Importer(2089858483,0ecaa5967403d082aa24f35e1b516d23) Generated GUIDs only implemented for interfaces!
 -> (artifact id: '5b4e3a5c339fa380f1b96fc142ac0ec0') in 0.014826 seconds 
========================================================================
Received Import Request.
  Time since last request: 0.000016 seconds.
  path: Assets/Materials/YughuesFreeMetalMaterials/Materials/Textures/T_25_Specular.tga
  artifactKey: Guid(bd234f8d2756b7848b2423a3f99231cd) Importer(2089858483,0ecaa5967403d082aa24f35e1b516d23)
Start importing Assets/Materials/YughuesFreeMetalMaterials/Materials/Textures/T_25_Specular.tga using Guid(bd234f8d2756b7848b2423a3f99231cd) Importer(2089858483,0ecaa5967403d082aa24f35e1b516d23) Generated GUIDs only implemented for interfaces!
 -> (artifact id: 'bd1fb246605cde80d6313efbe2f41082') in 0.016923 seconds 
========================================================================
Received Import Request.
  Time since last request: 0.000029 seconds.
  path: Assets/Materials/YughuesFreeMetalMaterials/Materials/Textures/T_23_Normal.tga
  artifactKey: Guid(1fb10c5603038a24abb2ccad745574c6) Importer(2089858483,0ecaa5967403d082aa24f35e1b516d23)
Start importing Assets/Materials/YughuesFreeMetalMaterials/Materials/Textures/T_23_Normal.tga using Guid(1fb10c5603038a24abb2ccad745574c6) Importer(2089858483,0ecaa5967403d082aa24f35e1b516d23) Generated GUIDs only implemented for interfaces!
 -> (artifact id: '858b6e3477a28d408053e8266a2d7e51') in 0.017633 seconds 
========================================================================
Received Import Request.
  Time since last request: 0.000028 seconds.
  path: Assets/Materials/YughuesFreeMetalMaterials/Materials/Textures/T_36_Specular.tga
  artifactKey: Guid(f0227a91a3a34cf459bf745bb80cc352) Importer(2089858483,0ecaa5967403d082aa24f35e1b516d23)
Start importing Assets/Materials/YughuesFreeMetalMaterials/Materials/Textures/T_36_Specular.tga using Guid(f0227a91a3a34cf459bf745bb80cc352) Importer(2089858483,0ecaa5967403d082aa24f35e1b516d23) Generated GUIDs only implemented for interfaces!
 -> (artifact id: '62caa1c582c897827c81cf7392b3af66') in 0.019602 seconds 
========================================================================
Received Import Request.
  Time since last request: 0.000018 seconds.
  path: Assets/Materials/YughuesFreeMetalMaterials/Materials/Textures/T_08_Normal.tga
  artifactKey: Guid(2ee180c070da9554385c5a088aae062e) Importer(2089858483,0ecaa5967403d082aa24f35e1b516d23)
Start importing Assets/Materials/YughuesFreeMetalMaterials/Materials/Textures/T_08_Normal.tga using Guid(2ee180c070da9554385c5a088aae062e) Importer(2089858483,0ecaa5967403d082aa24f35e1b516d23) Generated GUIDs only implemented for interfaces!
 -> (artifact id: '4706c26cbd1ab5b0d0d80a43e7ee73e6') in 0.018093 seconds 
========================================================================
Received Import Request.
  Time since last request: 0.000019 seconds.
  path: Assets/Materials/YughuesFreeMetalMaterials/Materials/M_YFMM_37.mat
  artifactKey: Guid(b944d3c9a69fd6142b438414bbddcd4a) Importer(2089858483,0ecaa5967403d082aa24f35e1b516d23)
Start importing Assets/Materials/YughuesFreeMetalMaterials/Materials/M_YFMM_37.mat using Guid(b944d3c9a69fd6142b438414bbddcd4a) Importer(2089858483,0ecaa5967403d082aa24f35e1b516d23) Generated GUIDs only implemented for interfaces!
 -> (artifact id: '54d0daa559af6077ae944bf2e2b6ed44') in 0.014823 seconds 
========================================================================
Received Import Request.
  Time since last request: 0.000026 seconds.
  path: Assets/Materials/YughuesFreeMetalMaterials/Materials/Textures/T_25_Diffuse.tga
  artifactKey: Guid(cff6b5a878a08e34f9669b5d411e994d) Importer(2089858483,0ecaa5967403d082aa24f35e1b516d23)
Start importing Assets/Materials/YughuesFreeMetalMaterials/Materials/Textures/T_25_Diffuse.tga using Guid(cff6b5a878a08e34f9669b5d411e994d) Importer(2089858483,0ecaa5967403d082aa24f35e1b516d23) Generated GUIDs only implemented for interfaces!
 -> (artifact id: 'a323fd5f2629e96150aab01c78ac785f') in 0.019774 seconds 
========================================================================
Received Import Request.
  Time since last request: 0.000023 seconds.
  path: Assets/Materials/YughuesFreeMetalMaterials/Materials/M_YFMM_23.mat
  artifactKey: Guid(294b00804ed584d4ab6b6ea04153afdb) Importer(2089858483,0ecaa5967403d082aa24f35e1b516d23)
Start importing Assets/Materials/YughuesFreeMetalMaterials/Materials/M_YFMM_23.mat using Guid(294b00804ed584d4ab6b6ea04153afdb) Importer(2089858483,0ecaa5967403d082aa24f35e1b516d23) Generated GUIDs only implemented for interfaces!
 -> (artifact id: 'c91e198e07ae6249cbf0a94a35306033') in 0.014501 seconds 
========================================================================
Received Import Request.
  Time since last request: 0.000022 seconds.
  path: Assets/Materials/YughuesFreeMetalMaterials/Materials/Textures/T_34_Normal.tga
  artifactKey: Guid(bb57d8b7e0dd55e4e9dbe2a31b82a842) Importer(2089858483,0ecaa5967403d082aa24f35e1b516d23)
Start importing Assets/Materials/YughuesFreeMetalMaterials/Materials/Textures/T_34_Normal.tga using Guid(bb57d8b7e0dd55e4e9dbe2a31b82a842) Importer(2089858483,0ecaa5967403d082aa24f35e1b516d23) Generated GUIDs only implemented for interfaces!
 -> (artifact id: '03788dd5b5589919f41dcb65f8118d35') in 0.018291 seconds 
========================================================================
Received Import Request.
  Time since last request: 0.000028 seconds.
  path: Assets/Materials/YughuesFreeMetalMaterials/Materials/Textures/T_15_Normal.tga
  artifactKey: Guid(b22c6961048b78945bc62e97743a5f70) Importer(2089858483,0ecaa5967403d082aa24f35e1b516d23)
Start importing Assets/Materials/YughuesFreeMetalMaterials/Materials/Textures/T_15_Normal.tga using Guid(b22c6961048b78945bc62e97743a5f70) Importer(2089858483,0ecaa5967403d082aa24f35e1b516d23) Generated GUIDs only implemented for interfaces!
 -> (artifact id: '03500f8c088ae99e3a0079356d2c91c5') in 0.018118 seconds 
========================================================================
Received Import Request.
  Time since last request: 0.000025 seconds.
  path: Assets/Materials/YughuesFreeMetalMaterials/Materials/M_YFMM_15.mat
  artifactKey: Guid(dd9f6c05ac7b21e4abd45bc51f3ce0af) Importer(2089858483,0ecaa5967403d082aa24f35e1b516d23)
Start importing Assets/Materials/YughuesFreeMetalMaterials/Materials/M_YFMM_15.mat using Guid(dd9f6c05ac7b21e4abd45bc51f3ce0af) Importer(2089858483,0ecaa5967403d082aa24f35e1b516d23) Generated GUIDs only implemented for interfaces!
 -> (artifact id: '379a2ba51d3284b2ae830c1a8b30e89d') in 0.015185 seconds 
========================================================================
Received Import Request.
  Time since last request: 0.000033 seconds.
  path: Assets/Materials/YughuesFreeMetalMaterials/Materials/Textures/T_27_Normal.tga
  artifactKey: Guid(32f6012cc48ae0b4899021bb4a03a8da) Importer(2089858483,0ecaa5967403d082aa24f35e1b516d23)
Start importing Assets/Materials/YughuesFreeMetalMaterials/Materials/Textures/T_27_Normal.tga using Guid(32f6012cc48ae0b4899021bb4a03a8da) Importer(2089858483,0ecaa5967403d082aa24f35e1b516d23) Generated GUIDs only implemented for interfaces!
 -> (artifact id: 'a69fe8fa71a44eb8ea3236df789dd2a4') in 0.016571 seconds 
========================================================================
Received Import Request.
  Time since last request: 0.000018 seconds.
  path: Assets/Materials/YughuesFreeMetalMaterials/Materials/Textures/T_38_Normal.tga
  artifactKey: Guid(ff112d4d8095778409870405738d14f6) Importer(2089858483,0ecaa5967403d082aa24f35e1b516d23)
Start importing Assets/Materials/YughuesFreeMetalMaterials/Materials/Textures/T_38_Normal.tga using Guid(ff112d4d8095778409870405738d14f6) Importer(2089858483,0ecaa5967403d082aa24f35e1b516d23) Generated GUIDs only implemented for interfaces!
 -> (artifact id: '8822b1a680eeb1d9a3ec75391d7a594b') in 0.017526 seconds 
========================================================================
Received Import Request.
  Time since last request: 0.000070 seconds.
  path: Assets/Materials/YughuesFreeMetalMaterials/Materials/M_YFMM_24.mat
  artifactKey: Guid(af089ba3f236b004fb2bb64119f294d8) Importer(2089858483,0ecaa5967403d082aa24f35e1b516d23)
Start importing Assets/Materials/YughuesFreeMetalMaterials/Materials/M_YFMM_24.mat using Guid(af089ba3f236b004fb2bb64119f294d8) Importer(2089858483,0ecaa5967403d082aa24f35e1b516d23) Generated GUIDs only implemented for interfaces!
 -> (artifact id: '4dbcf561cfa5c50f689395c57f89144f') in 0.013599 seconds 
========================================================================
Received Import Request.
  Time since last request: 0.000036 seconds.
  path: Assets/Materials/YughuesFreeMetalMaterials/Materials/Textures/T_12_Emissive.tga
  artifactKey: Guid(2d0a4c78ea142244cbf9957397b75d7a) Importer(2089858483,0ecaa5967403d082aa24f35e1b516d23)
Start importing Assets/Materials/YughuesFreeMetalMaterials/Materials/Textures/T_12_Emissive.tga using Guid(2d0a4c78ea142244cbf9957397b75d7a) Importer(2089858483,0ecaa5967403d082aa24f35e1b516d23) Generated GUIDs only implemented for interfaces!
 -> (artifact id: '2e69c0f416487c06d97fd36872ee0f77') in 0.017094 seconds 
========================================================================
Received Import Request.
  Time since last request: 0.000015 seconds.
  path: Assets/Materials/YughuesFreeMetalMaterials/Materials/Textures/T_11_Normal.tga
  artifactKey: Guid(f75108035af3d8a4390bfe96a3342a2f) Importer(2089858483,0ecaa5967403d082aa24f35e1b516d23)
Start importing Assets/Materials/YughuesFreeMetalMaterials/Materials/Textures/T_11_Normal.tga using Guid(f75108035af3d8a4390bfe96a3342a2f) Importer(2089858483,0ecaa5967403d082aa24f35e1b516d23) Generated GUIDs only implemented for interfaces!
 -> (artifact id: '536567d0a57b5a46aa18287945f4433e') in 0.017620 seconds 
========================================================================
Received Import Request.
  Time since last request: 0.000027 seconds.
  path: Assets/Materials/YughuesFreeMetalMaterials/Materials/Textures/T_36_Normal.tga
  artifactKey: Guid(3badc406faf9e4e4f99f9aa4f996a88e) Importer(2089858483,0ecaa5967403d082aa24f35e1b516d23)
Start importing Assets/Materials/YughuesFreeMetalMaterials/Materials/Textures/T_36_Normal.tga using Guid(3badc406faf9e4e4f99f9aa4f996a88e) Importer(2089858483,0ecaa5967403d082aa24f35e1b516d23) Generated GUIDs only implemented for interfaces!
 -> (artifact id: 'fae83974c331c2ff6f220934b7b8ce5c') in 0.018053 seconds 
========================================================================
Received Import Request.
  Time since last request: 0.000016 seconds.
  path: Assets/Materials/YughuesFreeMetalMaterials/Materials/Textures/T_37_Diffuse.tga
  artifactKey: Guid(464a455c600e8a045bf4b7a3175e0c73) Importer(2089858483,0ecaa5967403d082aa24f35e1b516d23)
Start importing Assets/Materials/YughuesFreeMetalMaterials/Materials/Textures/T_37_Diffuse.tga using Guid(464a455c600e8a045bf4b7a3175e0c73) Importer(2089858483,0ecaa5967403d082aa24f35e1b516d23) Generated GUIDs only implemented for interfaces!
 -> (artifact id: '1490cf7291b28048119d3f7f82d3c30d') in 0.019562 seconds 
========================================================================
Received Import Request.
  Time since last request: 0.000027 seconds.
  path: Assets/Materials/YughuesFreeMetalMaterials/Materials/Textures/T_25_Normal.tga
  artifactKey: Guid(18fcf7bf1b94dd3459a6ea26b304428e) Importer(2089858483,0ecaa5967403d082aa24f35e1b516d23)
Start importing Assets/Materials/YughuesFreeMetalMaterials/Materials/Textures/T_25_Normal.tga using Guid(18fcf7bf1b94dd3459a6ea26b304428e) Importer(2089858483,0ecaa5967403d082aa24f35e1b516d23) Generated GUIDs only implemented for interfaces!
 -> (artifact id: '389cca13ebdebba44875376261cda196') in 0.019833 seconds 
========================================================================
Received Import Request.
  Time since last request: 0.000031 seconds.
  path: Assets/Materials/YughuesFreeMetalMaterials/Materials/M_YFMM_30.mat
  artifactKey: Guid(a6d73f9e47bd28d438e0eaa89328614f) Importer(2089858483,0ecaa5967403d082aa24f35e1b516d23)
Start importing Assets/Materials/YughuesFreeMetalMaterials/Materials/M_YFMM_30.mat using Guid(a6d73f9e47bd28d438e0eaa89328614f) Importer(2089858483,0ecaa5967403d082aa24f35e1b516d23) Generated GUIDs only implemented for interfaces!
 -> (artifact id: '490e575ff8b7e0c8a0171a9191025fcf') in 0.013855 seconds 
========================================================================
Received Import Request.
  Time since last request: 0.000025 seconds.
  path: Assets/Materials/YughuesFreeMetalMaterials/Materials/Textures/T_33_Normal.tga
  artifactKey: Guid(6efa5bd4c9b0d8a4c98eb99feafec635) Importer(2089858483,0ecaa5967403d082aa24f35e1b516d23)
Start importing Assets/Materials/YughuesFreeMetalMaterials/Materials/Textures/T_33_Normal.tga using Guid(6efa5bd4c9b0d8a4c98eb99feafec635) Importer(2089858483,0ecaa5967403d082aa24f35e1b516d23) Generated GUIDs only implemented for interfaces!
 -> (artifact id: '6b150fa56b01d2be90e53f269ef6af7f') in 0.018760 seconds 
========================================================================
Received Import Request.
  Time since last request: 0.000023 seconds.
  path: Assets/Materials/YughuesFreeMetalMaterials/Materials/Textures/T_35_Normal.tga
  artifactKey: Guid(47559ced24a29b9428ba59951a3b02bc) Importer(2089858483,0ecaa5967403d082aa24f35e1b516d23)
Start importing Assets/Materials/YughuesFreeMetalMaterials/Materials/Textures/T_35_Normal.tga using Guid(47559ced24a29b9428ba59951a3b02bc) Importer(2089858483,0ecaa5967403d082aa24f35e1b516d23) Generated GUIDs only implemented for interfaces!
 -> (artifact id: '42b1a4c8317aafdddba949f3ce2d283e') in 0.018633 seconds 
========================================================================
Received Import Request.
  Time since last request: 0.000046 seconds.
  path: Assets/Materials/YughuesFreeMetalMaterials/Materials/Textures/T_26_Diffuse.tga
  artifactKey: Guid(f82867d065cf7d141b29809854fc3e1d) Importer(2089858483,0ecaa5967403d082aa24f35e1b516d23)
Start importing Assets/Materials/YughuesFreeMetalMaterials/Materials/Textures/T_26_Diffuse.tga using Guid(f82867d065cf7d141b29809854fc3e1d) Importer(2089858483,0ecaa5967403d082aa24f35e1b516d23) Generated GUIDs only implemented for interfaces!
 -> (artifact id: '20d3f6c95ee80aec84ca8be85da5d539') in 0.013673 seconds 
========================================================================
Received Import Request.
  Time since last request: 0.000020 seconds.
  path: Assets/Materials/YughuesFreeMetalMaterials/Materials/M_YFMM_35.mat
  artifactKey: Guid(9607862bf90553342b6c7a1e3d273805) Importer(2089858483,0ecaa5967403d082aa24f35e1b516d23)
Start importing Assets/Materials/YughuesFreeMetalMaterials/Materials/M_YFMM_35.mat using Guid(9607862bf90553342b6c7a1e3d273805) Importer(2089858483,0ecaa5967403d082aa24f35e1b516d23) Generated GUIDs only implemented for interfaces!
 -> (artifact id: '849431ba4319dd61240dc61737731e26') in 0.013310 seconds 
========================================================================
Received Import Request.
  Time since last request: 0.000035 seconds.
  path: Assets/Materials/YughuesFreeMetalMaterials/Materials/Textures/T_24_Diffuse.tga
  artifactKey: Guid(4bdf8705c42ae7540afc582420d73843) Importer(2089858483,0ecaa5967403d082aa24f35e1b516d23)
Start importing Assets/Materials/YughuesFreeMetalMaterials/Materials/Textures/T_24_Diffuse.tga using Guid(4bdf8705c42ae7540afc582420d73843) Importer(2089858483,0ecaa5967403d082aa24f35e1b516d23) Generated GUIDs only implemented for interfaces!
 -> (artifact id: 'cf9a92564afbfe9100e1ae1ad0938a99') in 0.017917 seconds 
========================================================================
Received Import Request.
  Time since last request: 0.000019 seconds.
  path: Assets/Materials/YughuesFreeMetalMaterials/Materials/Textures/T_30_Specular.tga
  artifactKey: Guid(a9d5254462ec08c49bfbc9da579a1f13) Importer(2089858483,0ecaa5967403d082aa24f35e1b516d23)
Start importing Assets/Materials/YughuesFreeMetalMaterials/Materials/Textures/T_30_Specular.tga using Guid(a9d5254462ec08c49bfbc9da579a1f13) Importer(2089858483,0ecaa5967403d082aa24f35e1b516d23) Generated GUIDs only implemented for interfaces!
 -> (artifact id: '571107b481f7dc4a8d0e7c1c251d7f2c') in 0.017560 seconds 
========================================================================
Received Import Request.
  Time since last request: 0.000053 seconds.
  path: Assets/Materials/YughuesFreeMetalMaterials/Materials/Textures/T_22_Specular.tga
  artifactKey: Guid(15e885e03e6987540a13c5f25e1e7f4b) Importer(2089858483,0ecaa5967403d082aa24f35e1b516d23)
Start importing Assets/Materials/YughuesFreeMetalMaterials/Materials/Textures/T_22_Specular.tga using Guid(15e885e03e6987540a13c5f25e1e7f4b) Importer(2089858483,0ecaa5967403d082aa24f35e1b516d23) Generated GUIDs only implemented for interfaces!
 -> (artifact id: '6408b7709af3fc317b7b1419825a84f4') in 0.017439 seconds 
========================================================================
Received Import Request.
  Time since last request: 0.000020 seconds.
  path: Assets/Materials/YughuesFreeMetalMaterials/Materials/Textures/T_32_Specular.tga
  artifactKey: Guid(a56680fa333c9894ba111daea6d1c386) Importer(2089858483,0ecaa5967403d082aa24f35e1b516d23)
Start importing Assets/Materials/YughuesFreeMetalMaterials/Materials/Textures/T_32_Specular.tga using Guid(a56680fa333c9894ba111daea6d1c386) Importer(2089858483,0ecaa5967403d082aa24f35e1b516d23) Generated GUIDs only implemented for interfaces!
 -> (artifact id: '27be0221e973b6f4716de7f7b8a3ca6b') in 0.017763 seconds 
========================================================================
Received Import Request.
  Time since last request: 0.000015 seconds.
  path: Assets/Materials/YughuesFreeMetalMaterials/Materials/Textures/T_39_Specular.tga
  artifactKey: Guid(f2a8ab14dca00204884e746b5744858a) Importer(2089858483,0ecaa5967403d082aa24f35e1b516d23)
Start importing Assets/Materials/YughuesFreeMetalMaterials/Materials/Textures/T_39_Specular.tga using Guid(f2a8ab14dca00204884e746b5744858a) Importer(2089858483,0ecaa5967403d082aa24f35e1b516d23) Generated GUIDs only implemented for interfaces!
 -> (artifact id: '62cad8453dc9cc7d5dbd92a20a62a6b2') in 0.017901 seconds 
========================================================================
Received Import Request.
  Time since last request: 0.000022 seconds.
  path: Assets/Materials/YughuesFreeMetalMaterials/Materials/Textures/T_15_Specular.tga
  artifactKey: Guid(ac2f27c4fb9eb8640bf13f478c6b89ee) Importer(2089858483,0ecaa5967403d082aa24f35e1b516d23)
Start importing Assets/Materials/YughuesFreeMetalMaterials/Materials/Textures/T_15_Specular.tga using Guid(ac2f27c4fb9eb8640bf13f478c6b89ee) Importer(2089858483,0ecaa5967403d082aa24f35e1b516d23) Generated GUIDs only implemented for interfaces!
 -> (artifact id: 'd336502e56d06ffc4d4fc3599cb9480b') in 0.015349 seconds 
========================================================================
Received Import Request.
  Time since last request: 0.000020 seconds.
  path: Assets/Materials/YughuesFreeMetalMaterials/Materials/Textures/T_10_Glow.tga
  artifactKey: Guid(0145160747ee37d48b70a86ba8103d7a) Importer(2089858483,0ecaa5967403d082aa24f35e1b516d23)
Start importing Assets/Materials/YughuesFreeMetalMaterials/Materials/Textures/T_10_Glow.tga using Guid(0145160747ee37d48b70a86ba8103d7a) Importer(2089858483,0ecaa5967403d082aa24f35e1b516d23) Generated GUIDs only implemented for interfaces!
 -> (artifact id: '0a767370853221ec3529cb5373a84bae') in 0.018528 seconds 
========================================================================
Received Import Request.
  Time since last request: 0.000031 seconds.
  path: Assets/Materials/YughuesFreeMetalMaterials/Materials/Textures/T_24_Normal.tga
  artifactKey: Guid(33416e1c35bc9b148a8bf942e484c86e) Importer(2089858483,0ecaa5967403d082aa24f35e1b516d23)
Start importing Assets/Materials/YughuesFreeMetalMaterials/Materials/Textures/T_24_Normal.tga using Guid(33416e1c35bc9b148a8bf942e484c86e) Importer(2089858483,0ecaa5967403d082aa24f35e1b516d23) Generated GUIDs only implemented for interfaces!
 -> (artifact id: 'fe3e74e744e24620ba8699ecca04a3f8') in 0.018531 seconds 
========================================================================
Received Import Request.
  Time since last request: 0.000052 seconds.
  path: Assets/Materials/YughuesFreeMetalMaterials/Materials/Textures/T_27_Specular.tga
  artifactKey: Guid(a9003f14ef2a8bd47abbe5c8d364d562) Importer(2089858483,0ecaa5967403d082aa24f35e1b516d23)
Start importing Assets/Materials/YughuesFreeMetalMaterials/Materials/Textures/T_27_Specular.tga using Guid(a9003f14ef2a8bd47abbe5c8d364d562) Importer(2089858483,0ecaa5967403d082aa24f35e1b516d23) Generated GUIDs only implemented for interfaces!
 -> (artifact id: '41c45bf981001b08fddbffeb23600bf6') in 0.016973 seconds 
========================================================================
Received Import Request.
  Time since last request: 700.479081 seconds.
  path: Assets/Textures/  .jpg
  artifactKey: Guid(81b0ee67f2c9e214d9a087c2daabb746) Importer(815301076,1909f56bfc062723c751e8b465ee728b)
Start importing Assets/Textures/  .jpg using Guid(81b0ee67f2c9e214d9a087c2daabb746) Importer(815301076,1909f56bfc062723c751e8b465ee728b)  -> (artifact id: '4da19fb1bc06a3af9120c882c66098c0') in 0.015216 seconds 
========================================================================
Received Import Request.
  Time since last request: 0.957454 seconds.
  path: Assets/Textures/  .jpg
  artifactKey: Guid(81b0ee67f2c9e214d9a087c2daabb746) Importer(2089858483,0ecaa5967403d082aa24f35e1b516d23)
Start importing Assets/Textures/  .jpg using Guid(81b0ee67f2c9e214d9a087c2daabb746) Importer(2089858483,0ecaa5967403d082aa24f35e1b516d23) Generated GUIDs only implemented for interfaces!
 -> (artifact id: 'f05749dfddfe086f271dc4540a9e630a') in 0.016716 seconds 
========================================================================
Received Import Request.
  Time since last request: 14.375917 seconds.
  path: Assets/Materials/Shkaf.mat
  artifactKey: Guid(5e3bcc48b78c57142b031379898b50ac) Importer(815301076,1909f56bfc062723c751e8b465ee728b)
Start importing Assets/Materials/Shkaf.mat using Guid(5e3bcc48b78c57142b031379898b50ac) Importer(815301076,1909f56bfc062723c751e8b465ee728b)  -> (artifact id: '19411427249d7206d8ff3d9d0ede0a58') in 0.014127 seconds 
========================================================================
Received Import Request.
  Time since last request: 0.950135 seconds.
  path: Assets/Materials/Shkaf.mat
  artifactKey: Guid(5e3bcc48b78c57142b031379898b50ac) Importer(2089858483,0ecaa5967403d082aa24f35e1b516d23)
Start importing Assets/Materials/Shkaf.mat using Guid(5e3bcc48b78c57142b031379898b50ac) Importer(2089858483,0ecaa5967403d082aa24f35e1b516d23) Generated GUIDs only implemented for interfaces!
 -> (artifact id: '007da53f776da5e8eae9ae8c19a11a0a') in 0.009097 seconds 
